<?xml version="1.0" encoding="UTF-8" standalone="yes"?><!DOCTYPE report PUBLIC "-//JACOCO//DTD Report 1.1//EN" "report.dtd"><report name="hapi-fhir"><sessioninfo id="fa5b6c5e2300-61ea1445" start="1653394649216" dump="1653394681095"/><package name="ca/uhn/fhir/jpa/msbpmn"><class name="ca/uhn/fhir/jpa/msbpmn/BpmnProvider" sourcefilename="BpmnProvider.java"><method name="&lt;init&gt;" desc="()V" line="33"><counter type="INSTRUCTION" missed="0" covered="3"/><counter type="LINE" missed="0" covered="1"/><counter type="COMPLEXITY" missed="0" covered="1"/><counter type="METHOD" missed="0" covered="1"/></method><method name="getResourceType" desc="()Ljava/lang/Class;" line="43"><counter type="INSTRUCTION" missed="0" covered="2"/><counter type="LINE" missed="0" covered="1"/><counter type="COMPLEXITY" missed="0" covered="1"/><counter type="METHOD" missed="0" covered="1"/></method><method name="toBpmnOperation" desc="(Lorg/hl7/fhir/r4/model/IdType;Ljavax/servlet/http/HttpServletRequest;Ljavax/servlet/http/HttpServletResponse;)V" line="48"><counter type="INSTRUCTION" missed="11" covered="0"/><counter type="LINE" missed="2" covered="0"/><counter type="COMPLEXITY" missed="1" covered="0"/><counter type="METHOD" missed="1" covered="0"/></method><method name="planDefinitionToBpmn" desc="(Lorg/hl7/fhir/r4/model/PlanDefinition;)Ljava/lang/String;" line="52"><counter type="INSTRUCTION" missed="10" covered="0"/><counter type="LINE" missed="2" covered="0"/><counter type="COMPLEXITY" missed="1" covered="0"/><counter type="METHOD" missed="1" covered="0"/></method><counter type="INSTRUCTION" missed="21" covered="5"/><counter type="LINE" missed="4" covered="2"/><counter type="COMPLEXITY" missed="2" covered="2"/><counter type="METHOD" missed="2" covered="2"/><counter type="CLASS" missed="0" covered="1"/></class><sourcefile name="BpmnProvider.java"><line nr="33" mi="0" ci="3" mb="0" cb="0"/><line nr="43" mi="0" ci="2" mb="0" cb="0"/><line nr="48" mi="10" ci="0" mb="0" cb="0"/><line nr="49" mi="1" ci="0" mb="0" cb="0"/><line nr="52" mi="4" ci="0" mb="0" cb="0"/><line nr="53" mi="6" ci="0" mb="0" cb="0"/><counter type="INSTRUCTION" missed="21" covered="5"/><counter type="LINE" missed="4" covered="2"/><counter type="COMPLEXITY" missed="2" covered="2"/><counter type="METHOD" missed="2" covered="2"/><counter type="CLASS" missed="0" covered="1"/></sourcefile><counter type="INSTRUCTION" missed="21" covered="5"/><counter type="LINE" missed="4" covered="2"/><counter type="COMPLEXITY" missed="2" covered="2"/><counter type="METHOD" missed="2" covered="2"/><counter type="CLASS" missed="0" covered="1"/></package><package name="ca/uhn/fhir/jpa/empi"><class name="ca/uhn/fhir/jpa/empi/EmpiConfig" sourcefilename="EmpiConfig.java"><method name="&lt;init&gt;" desc="()V" line="17"><counter type="INSTRUCTION" missed="0" covered="3"/><counter type="LINE" missed="0" covered="1"/><counter type="COMPLEXITY" missed="0" covered="1"/><counter type="METHOD" missed="0" covered="1"/></method><method name="empiSettings" desc="(Lca/uhn/fhir/empi/rules/config/EmpiRuleValidator;)Lca/uhn/fhir/empi/api/IEmpiSettings;" line="20"><counter type="INSTRUCTION" missed="0" covered="23"/><counter type="LINE" missed="0" covered="4"/><counter type="COMPLEXITY" missed="0" covered="1"/><counter type="METHOD" missed="0" covered="1"/></method><counter type="INSTRUCTION" missed="0" covered="26"/><counter type="LINE" missed="0" covered="5"/><counter type="COMPLEXITY" missed="0" covered="2"/><counter type="METHOD" missed="0" covered="2"/><counter type="CLASS" missed="0" covered="1"/></class><sourcefile name="EmpiConfig.java"><line nr="17" mi="0" ci="3" mb="0" cb="0"/><line nr="20" mi="0" ci="4" mb="0" cb="0"/><line nr="21" mi="0" ci="4" mb="0" cb="0"/><line nr="22" mi="0" ci="5" mb="0" cb="0"/><line nr="23" mi="0" ci="10" mb="0" cb="0"/><counter type="INSTRUCTION" missed="0" covered="26"/><counter type="LINE" missed="0" covered="5"/><counter type="COMPLEXITY" missed="0" covered="2"/><counter type="METHOD" missed="0" covered="2"/><counter type="CLASS" missed="0" covered="1"/></sourcefile><counter type="INSTRUCTION" missed="0" covered="26"/><counter type="LINE" missed="0" covered="5"/><counter type="COMPLEXITY" missed="0" covered="2"/><counter type="METHOD" missed="0" covered="2"/><counter type="CLASS" missed="0" covered="1"/></package><package name="ca/uhn/fhir/jpa/starter"><class name="ca/uhn/fhir/jpa/starter/HapiProperties" sourcefilename="HapiProperties.java"><method name="&lt;init&gt;" desc="()V" line="23"><counter type="INSTRUCTION" missed="3" covered="0"/><counter type="LINE" missed="1" covered="0"/><counter type="COMPLEXITY" missed="1" covered="0"/><counter type="METHOD" missed="1" covered="0"/></method><method name="isElasticSearchEnabled" desc="()Z" line="83"><counter type="INSTRUCTION" missed="0" covered="4"/><counter type="LINE" missed="0" covered="1"/><counter type="COMPLEXITY" missed="0" covered="1"/><counter type="METHOD" missed="0" covered="1"/></method><method name="forceReload" desc="()V" line="90"><counter type="INSTRUCTION" missed="0" covered="5"/><counter type="LINE" missed="0" covered="3"/><counter type="COMPLEXITY" missed="0" covered="1"/><counter type="METHOD" missed="0" covered="1"/></method><method name="setProperty" desc="(Ljava/lang/String;Ljava/lang/String;)V" line="100"><counter type="INSTRUCTION" missed="0" covered="6"/><counter type="LINE" missed="0" covered="2"/><counter type="COMPLEXITY" missed="0" covered="1"/><counter type="METHOD" missed="0" covered="1"/></method><method name="getJpaProperties" desc="()Ljava/util/Properties;" line="104"><counter type="INSTRUCTION" missed="50" covered="6"/><counter type="BRANCH" missed="1" covered="1"/><counter type="LINE" missed="9" covered="3"/><counter type="COMPLEXITY" missed="1" covered="1"/><counter type="METHOD" missed="0" covered="1"/></method><method name="getProperties" desc="()Ljava/util/Properties;" line="122"><counter type="INSTRUCTION" missed="0" covered="8"/><counter type="BRANCH" missed="0" covered="2"/><counter type="LINE" missed="0" covered="4"/><counter type="COMPLEXITY" missed="0" covered="2"/><counter type="METHOD" missed="0" covered="1"/></method><method name="loadProperties" desc="()Ljava/util/Properties;" line="134"><counter type="INSTRUCTION" missed="10" covered="32"/><counter type="BRANCH" missed="1" covered="1"/><counter type="LINE" missed="3" covered="11"/><counter type="COMPLEXITY" missed="1" covered="1"/><counter type="METHOD" missed="0" covered="1"/></method><method name="loadOverrideProperties" desc="()Ljava/util/Properties;" line="159"><counter type="INSTRUCTION" missed="20" covered="7"/><counter type="BRANCH" missed="1" covered="1"/><counter type="LINE" missed="5" covered="3"/><counter type="COMPLEXITY" missed="1" covered="1"/><counter type="METHOD" missed="0" covered="1"/></method><method name="getProperty" desc="(Ljava/lang/String;)Ljava/lang/String;" line="174"><counter type="INSTRUCTION" missed="2" covered="30"/><counter type="BRANCH" missed="2" covered="2"/><counter type="LINE" missed="1" covered="9"/><counter type="COMPLEXITY" missed="2" covered="1"/><counter type="METHOD" missed="0" covered="1"/></method><method name="getProperty" desc="(Ljava/lang/String;Ljava/lang/String;)Ljava/lang/String;" line="192"><counter type="INSTRUCTION" missed="0" covered="12"/><counter type="BRANCH" missed="1" covered="3"/><counter type="LINE" missed="0" covered="4"/><counter type="COMPLEXITY" missed="1" covered="2"/><counter type="METHOD" missed="0" covered="1"/></method><method name="getBooleanProperty" desc="(Ljava/lang/String;Ljava/lang/Boolean;)Ljava/lang/Boolean;" line="202"><counter type="INSTRUCTION" missed="0" covered="14"/><counter type="BRANCH" missed="1" covered="3"/><counter type="LINE" missed="0" covered="4"/><counter type="COMPLEXITY" missed="1" covered="2"/><counter type="METHOD" missed="0" covered="1"/></method><method name="getBooleanProperty" desc="(Ljava/lang/String;Z)Z" line="212"><counter type="INSTRUCTION" missed="0" covered="6"/><counter type="LINE" missed="0" covered="1"/><counter type="COMPLEXITY" missed="0" covered="1"/><counter type="METHOD" missed="0" covered="1"/></method><method name="getIntegerProperty" desc="(Ljava/lang/String;Ljava/lang/Integer;)Ljava/lang/Integer;" line="216"><counter type="INSTRUCTION" missed="0" covered="14"/><counter type="BRANCH" missed="1" covered="3"/><counter type="LINE" missed="0" covered="4"/><counter type="COMPLEXITY" missed="1" covered="2"/><counter type="METHOD" missed="0" covered="1"/></method><method name="getFhirVersion" desc="()Lca/uhn/fhir/context/FhirVersionEnum;" line="226"><counter type="INSTRUCTION" missed="2" covered="11"/><counter type="BRANCH" missed="2" covered="2"/><counter type="LINE" missed="1" covered="3"/><counter type="COMPLEXITY" missed="2" covered="1"/><counter type="METHOD" missed="0" covered="1"/></method><method name="isBinaryStorageEnabled" desc="()Z" line="236"><counter type="INSTRUCTION" missed="0" covered="4"/><counter type="LINE" missed="0" covered="1"/><counter type="COMPLEXITY" missed="0" covered="1"/><counter type="METHOD" missed="0" covered="1"/></method><method name="getEtagSupport" desc="()Lca/uhn/fhir/rest/server/ETagSupportEnum;" line="240"><counter type="INSTRUCTION" missed="2" covered="11"/><counter type="BRANCH" missed="2" covered="2"/><counter type="LINE" missed="1" covered="3"/><counter type="COMPLEXITY" missed="2" covered="1"/><counter type="METHOD" missed="0" covered="1"/></method><method name="getClientIdStrategy" desc="()Lca/uhn/fhir/jpa/api/config/DaoConfig$ClientIdStrategyEnum;" line="250"><counter type="INSTRUCTION" missed="6" covered="7"/><counter type="BRANCH" missed="3" covered="1"/><counter type="LINE" missed="1" covered="3"/><counter type="COMPLEXITY" missed="2" covered="1"/><counter type="METHOD" missed="0" covered="1"/></method><method name="getDefaultEncoding" desc="()Lca/uhn/fhir/rest/api/EncodingEnum;" line="260"><counter type="INSTRUCTION" missed="2" covered="11"/><counter type="BRANCH" missed="2" covered="2"/><counter type="LINE" missed="1" covered="3"/><counter type="COMPLEXITY" missed="2" covered="1"/><counter type="METHOD" missed="0" covered="1"/></method><method name="getDefaultPrettyPrint" desc="()Ljava/lang/Boolean;" line="270"><counter type="INSTRUCTION" missed="0" covered="5"/><counter type="LINE" missed="0" covered="1"/><counter type="COMPLEXITY" missed="0" covered="1"/><counter type="METHOD" missed="0" covered="1"/></method><method name="getServerAddress" desc="()Ljava/lang/String;" line="274"><counter type="INSTRUCTION" missed="0" covered="3"/><counter type="LINE" missed="0" covered="1"/><counter type="COMPLEXITY" missed="0" covered="1"/><counter type="METHOD" missed="0" covered="1"/></method><method name="getDefaultPageSize" desc="()Ljava/lang/Integer;" line="278"><counter type="INSTRUCTION" missed="0" covered="5"/><counter type="LINE" missed="0" covered="1"/><counter type="COMPLEXITY" missed="0" covered="1"/><counter type="METHOD" missed="0" covered="1"/></method><method name="getMaximumPageSize" desc="()Ljava/lang/Integer;" line="282"><counter type="INSTRUCTION" missed="0" covered="5"/><counter type="LINE" missed="0" covered="1"/><counter type="COMPLEXITY" missed="0" covered="1"/><counter type="METHOD" missed="0" covered="1"/></method><method name="getMaximumFetchSize" desc="()Ljava/lang/Integer;" line="286"><counter type="INSTRUCTION" missed="0" covered="5"/><counter type="LINE" missed="0" covered="1"/><counter type="COMPLEXITY" missed="0" covered="1"/><counter type="METHOD" missed="0" covered="1"/></method><method name="getLoggerName" desc="()Ljava/lang/String;" line="290"><counter type="INSTRUCTION" missed="0" covered="4"/><counter type="LINE" missed="0" covered="1"/><counter type="COMPLEXITY" missed="0" covered="1"/><counter type="METHOD" missed="0" covered="1"/></method><method name="getLoggerFormat" desc="()Ljava/lang/String;" line="294"><counter type="INSTRUCTION" missed="0" covered="4"/><counter type="LINE" missed="0" covered="1"/><counter type="COMPLEXITY" missed="0" covered="1"/><counter type="METHOD" missed="0" covered="1"/></method><method name="getLoggerErrorFormat" desc="()Ljava/lang/String;" line="298"><counter type="INSTRUCTION" missed="0" covered="4"/><counter type="LINE" missed="0" covered="1"/><counter type="COMPLEXITY" missed="0" covered="1"/><counter type="METHOD" missed="0" covered="1"/></method><method name="getLoggerLogExceptions" desc="()Ljava/lang/Boolean;" line="302"><counter type="INSTRUCTION" missed="0" covered="5"/><counter type="LINE" missed="0" covered="1"/><counter type="COMPLEXITY" missed="0" covered="1"/><counter type="METHOD" missed="0" covered="1"/></method><method name="getDataSourceDriver" desc="()Ljava/lang/String;" line="306"><counter type="INSTRUCTION" missed="0" covered="4"/><counter type="LINE" missed="0" covered="1"/><counter type="COMPLEXITY" missed="0" covered="1"/><counter type="METHOD" missed="0" covered="1"/></method><method name="getDataSourceMaxPoolSize" desc="()Ljava/lang/Integer;" line="310"><counter type="INSTRUCTION" missed="0" covered="5"/><counter type="LINE" missed="0" covered="1"/><counter type="COMPLEXITY" missed="0" covered="1"/><counter type="METHOD" missed="0" covered="1"/></method><method name="getDataSourceUrl" desc="()Ljava/lang/String;" line="314"><counter type="INSTRUCTION" missed="0" covered="4"/><counter type="LINE" missed="0" covered="1"/><counter type="COMPLEXITY" missed="0" covered="1"/><counter type="METHOD" missed="0" covered="1"/></method><method name="getDataSourceUsername" desc="()Ljava/lang/String;" line="318"><counter type="INSTRUCTION" missed="0" covered="3"/><counter type="LINE" missed="0" covered="1"/><counter type="COMPLEXITY" missed="0" covered="1"/><counter type="METHOD" missed="0" covered="1"/></method><method name="getDataSourcePassword" desc="()Ljava/lang/String;" line="322"><counter type="INSTRUCTION" missed="0" covered="3"/><counter type="LINE" missed="0" covered="1"/><counter type="COMPLEXITY" missed="0" covered="1"/><counter type="METHOD" missed="0" covered="1"/></method><method name="getAllowMultipleDelete" desc="()Ljava/lang/Boolean;" line="326"><counter type="INSTRUCTION" missed="0" covered="5"/><counter type="LINE" missed="0" covered="1"/><counter type="COMPLEXITY" missed="0" covered="1"/><counter type="METHOD" missed="0" covered="1"/></method><method name="getAllowCascadingDeletes" desc="()Ljava/lang/Boolean;" line="330"><counter type="INSTRUCTION" missed="0" covered="5"/><counter type="LINE" missed="0" covered="1"/><counter type="COMPLEXITY" missed="0" covered="1"/><counter type="METHOD" missed="0" covered="1"/></method><method name="getAllowExternalReferences" desc="()Ljava/lang/Boolean;" line="334"><counter type="INSTRUCTION" missed="0" covered="5"/><counter type="LINE" missed="0" covered="1"/><counter type="COMPLEXITY" missed="0" covered="1"/><counter type="METHOD" missed="0" covered="1"/></method><method name="getExpungeEnabled" desc="()Ljava/lang/Boolean;" line="338"><counter type="INSTRUCTION" missed="0" covered="5"/><counter type="LINE" missed="0" covered="1"/><counter type="COMPLEXITY" missed="0" covered="1"/><counter type="METHOD" missed="0" covered="1"/></method><method name="getTesterConfigRefustToFetchThirdPartyUrls" desc="()Ljava/lang/Boolean;" line="342"><counter type="INSTRUCTION" missed="0" covered="5"/><counter type="LINE" missed="0" covered="1"/><counter type="COMPLEXITY" missed="0" covered="1"/><counter type="METHOD" missed="0" covered="1"/></method><method name="getCorsEnabled" desc="()Ljava/lang/Boolean;" line="346"><counter type="INSTRUCTION" missed="0" covered="5"/><counter type="LINE" missed="0" covered="1"/><counter type="COMPLEXITY" missed="0" covered="1"/><counter type="METHOD" missed="0" covered="1"/></method><method name="getCorsAllowedOrigin" desc="()Ljava/lang/String;" line="350"><counter type="INSTRUCTION" missed="0" covered="4"/><counter type="LINE" missed="0" covered="1"/><counter type="COMPLEXITY" missed="0" covered="1"/><counter type="METHOD" missed="0" covered="1"/></method><method name="getAllowedBundleTypes" desc="()Ljava/lang/String;" line="354"><counter type="INSTRUCTION" missed="0" covered="4"/><counter type="LINE" missed="0" covered="1"/><counter type="COMPLEXITY" missed="0" covered="1"/><counter type="METHOD" missed="0" covered="1"/></method><method name="getSupportedResourceTypes" desc="()Ljava/util/Set;" line="359"><counter type="INSTRUCTION" missed="0" covered="16"/><counter type="LINE" missed="0" covered="5"/><counter type="COMPLEXITY" missed="0" covered="1"/><counter type="METHOD" missed="0" covered="1"/></method><method name="getServerName" desc="()Ljava/lang/String;" line="367"><counter type="INSTRUCTION" missed="0" covered="4"/><counter type="LINE" missed="0" covered="1"/><counter type="COMPLEXITY" missed="0" covered="1"/><counter type="METHOD" missed="0" covered="1"/></method><method name="getServerId" desc="()Ljava/lang/String;" line="371"><counter type="INSTRUCTION" missed="0" covered="4"/><counter type="LINE" missed="0" covered="1"/><counter type="COMPLEXITY" missed="0" covered="1"/><counter type="METHOD" missed="0" covered="1"/></method><method name="getAllowPlaceholderReferences" desc="()Ljava/lang/Boolean;" line="375"><counter type="INSTRUCTION" missed="0" covered="5"/><counter type="LINE" missed="0" covered="1"/><counter type="COMPLEXITY" missed="0" covered="1"/><counter type="METHOD" missed="0" covered="1"/></method><method name="getSubscriptionEmailEnabled" desc="()Ljava/lang/Boolean;" line="379"><counter type="INSTRUCTION" missed="0" covered="5"/><counter type="LINE" missed="0" covered="1"/><counter type="COMPLEXITY" missed="0" covered="1"/><counter type="METHOD" missed="0" covered="1"/></method><method name="getSubscriptionRestHookEnabled" desc="()Ljava/lang/Boolean;" line="383"><counter type="INSTRUCTION" missed="0" covered="5"/><counter type="LINE" missed="0" covered="1"/><counter type="COMPLEXITY" missed="0" covered="1"/><counter type="METHOD" missed="0" covered="1"/></method><method name="getSubscriptionWebsocketEnabled" desc="()Ljava/lang/Boolean;" line="387"><counter type="INSTRUCTION" missed="0" covered="5"/><counter type="LINE" missed="0" covered="1"/><counter type="COMPLEXITY" missed="0" covered="1"/><counter type="METHOD" missed="0" covered="1"/></method><method name="getEmpiEnabled" desc="()Ljava/lang/Boolean;" line="391"><counter type="INSTRUCTION" missed="0" covered="5"/><counter type="LINE" missed="0" covered="1"/><counter type="COMPLEXITY" missed="0" covered="1"/><counter type="METHOD" missed="0" covered="1"/></method><method name="getPartitioningEnabled" desc="()Ljava/lang/Boolean;" line="395"><counter type="INSTRUCTION" missed="5" covered="0"/><counter type="LINE" missed="1" covered="0"/><counter type="COMPLEXITY" missed="1" covered="0"/><counter type="METHOD" missed="1" covered="0"/></method><method name="getPartitioningCrossPartitionReferenceMode" desc="()Ljava/lang/String;" line="400"><counter type="INSTRUCTION" missed="4" covered="0"/><counter type="LINE" missed="1" covered="0"/><counter type="COMPLEXITY" missed="1" covered="0"/><counter type="METHOD" missed="1" covered="0"/></method><method name="getIncludePartitionInSearchHashes" desc="()Ljava/lang/Boolean;" line="404"><counter type="INSTRUCTION" missed="5" covered="0"/><counter type="LINE" missed="1" covered="0"/><counter type="COMPLEXITY" missed="1" covered="0"/><counter type="METHOD" missed="1" covered="0"/></method><method name="getAllowContainsSearches" desc="()Ljava/lang/Boolean;" line="408"><counter type="INSTRUCTION" missed="0" covered="5"/><counter type="LINE" missed="0" covered="1"/><counter type="COMPLEXITY" missed="0" covered="1"/><counter type="METHOD" missed="0" covered="1"/></method><method name="getAllowOverrideDefaultSearchParams" desc="()Ljava/lang/Boolean;" line="412"><counter type="INSTRUCTION" missed="0" covered="5"/><counter type="LINE" missed="0" covered="1"/><counter type="COMPLEXITY" missed="0" covered="1"/><counter type="METHOD" missed="0" covered="1"/></method><method name="getEmailFrom" desc="()Ljava/lang/String;" line="416"><counter type="INSTRUCTION" missed="0" covered="4"/><counter type="LINE" missed="0" covered="1"/><counter type="COMPLEXITY" missed="0" covered="1"/><counter type="METHOD" missed="0" covered="1"/></method><method name="getEmailEnabled" desc="()Ljava/lang/Boolean;" line="420"><counter type="INSTRUCTION" missed="0" covered="5"/><counter type="LINE" missed="0" covered="1"/><counter type="COMPLEXITY" missed="0" covered="1"/><counter type="METHOD" missed="0" covered="1"/></method><method name="getEmailHost" desc="()Ljava/lang/String;" line="424"><counter type="INSTRUCTION" missed="0" covered="3"/><counter type="LINE" missed="0" covered="1"/><counter type="COMPLEXITY" missed="0" covered="1"/><counter type="METHOD" missed="0" covered="1"/></method><method name="getEmailPort" desc="()Ljava/lang/Integer;" line="428"><counter type="INSTRUCTION" missed="0" covered="5"/><counter type="LINE" missed="0" covered="1"/><counter type="COMPLEXITY" missed="0" covered="1"/><counter type="METHOD" missed="0" covered="1"/></method><method name="getEmailUsername" desc="()Ljava/lang/String;" line="432"><counter type="INSTRUCTION" missed="0" covered="3"/><counter type="LINE" missed="0" covered="1"/><counter type="COMPLEXITY" missed="0" covered="1"/><counter type="METHOD" missed="0" covered="1"/></method><method name="getEmailPassword" desc="()Ljava/lang/String;" line="436"><counter type="INSTRUCTION" missed="0" covered="3"/><counter type="LINE" missed="0" covered="1"/><counter type="COMPLEXITY" missed="0" covered="1"/><counter type="METHOD" missed="0" covered="1"/></method><method name="getEmailAuth" desc="()Ljava/lang/Boolean;" line="441"><counter type="INSTRUCTION" missed="0" covered="5"/><counter type="LINE" missed="0" covered="1"/><counter type="COMPLEXITY" missed="0" covered="1"/><counter type="METHOD" missed="0" covered="1"/></method><method name="getEmailStartTlsEnable" desc="()Ljava/lang/Boolean;" line="445"><counter type="INSTRUCTION" missed="0" covered="5"/><counter type="LINE" missed="0" covered="1"/><counter type="COMPLEXITY" missed="0" covered="1"/><counter type="METHOD" missed="0" covered="1"/></method><method name="getEmailStartTlsRequired" desc="()Ljava/lang/Boolean;" line="449"><counter type="INSTRUCTION" missed="0" covered="5"/><counter type="LINE" missed="0" covered="1"/><counter type="COMPLEXITY" missed="0" covered="1"/><counter type="METHOD" missed="0" covered="1"/></method><method name="getEmailQuitWait" desc="()Ljava/lang/Boolean;" line="453"><counter type="INSTRUCTION" missed="0" covered="5"/><counter type="LINE" missed="0" covered="1"/><counter type="COMPLEXITY" missed="0" covered="1"/><counter type="METHOD" missed="0" covered="1"/></method><method name="getReuseCachedSearchResultsMillis" desc="()Ljava/lang/Long;" line="457"><counter type="INSTRUCTION" missed="0" covered="7"/><counter type="LINE" missed="0" covered="2"/><counter type="COMPLEXITY" missed="0" covered="1"/><counter type="METHOD" missed="0" covered="1"/></method><method name="getExpireSearchResultsAfterMins" desc="()Ljava/lang/Long;" line="462"><counter type="INSTRUCTION" missed="0" covered="7"/><counter type="LINE" missed="0" covered="2"/><counter type="COMPLEXITY" missed="0" covered="1"/><counter type="METHOD" missed="0" covered="1"/></method><method name="getCorsAllowedCredentials" desc="()Ljava/lang/Boolean;" line="467"><counter type="INSTRUCTION" missed="0" covered="5"/><counter type="LINE" missed="0" covered="1"/><counter type="COMPLEXITY" missed="0" covered="1"/><counter type="METHOD" missed="0" covered="1"/></method><method name="getValidateRequestsEnabled" desc="()Z" line="471"><counter type="INSTRUCTION" missed="0" covered="4"/><counter type="LINE" missed="0" covered="1"/><counter type="COMPLEXITY" missed="0" covered="1"/><counter type="METHOD" missed="0" covered="1"/></method><method name="getValidateResponsesEnabled" desc="()Z" line="475"><counter type="INSTRUCTION" missed="0" covered="4"/><counter type="LINE" missed="0" covered="1"/><counter type="COMPLEXITY" missed="0" covered="1"/><counter type="METHOD" missed="0" covered="1"/></method><method name="getFilterSearchEnabled" desc="()Z" line="479"><counter type="INSTRUCTION" missed="0" covered="4"/><counter type="LINE" missed="0" covered="1"/><counter type="COMPLEXITY" missed="0" covered="1"/><counter type="METHOD" missed="0" covered="1"/></method><method name="getGraphqlEnabled" desc="()Z" line="483"><counter type="INSTRUCTION" missed="0" covered="4"/><counter type="LINE" missed="0" covered="1"/><counter type="COMPLEXITY" missed="0" covered="1"/><counter type="METHOD" missed="0" covered="1"/></method><method name="getEnforceReferentialIntegrityOnDelete" desc="()Z" line="487"><counter type="INSTRUCTION" missed="0" covered="4"/><counter type="LINE" missed="0" covered="1"/><counter type="COMPLEXITY" missed="0" covered="1"/><counter type="METHOD" missed="0" covered="1"/></method><method name="getEnforceReferentialIntegrityOnWrite" desc="()Z" line="491"><counter type="INSTRUCTION" missed="0" covered="4"/><counter type="LINE" missed="0" covered="1"/><counter type="COMPLEXITY" missed="0" covered="1"/><counter type="METHOD" missed="0" covered="1"/></method><method name="getAutoCreatePlaceholderReferenceTargets" desc="()Z" line="495"><counter type="INSTRUCTION" missed="0" covered="4"/><counter type="LINE" missed="0" covered="1"/><counter type="COMPLEXITY" missed="0" covered="1"/><counter type="METHOD" missed="0" covered="1"/></method><method name="getEnableIndexMissingFields" desc="()Z" line="499"><counter type="INSTRUCTION" missed="0" covered="4"/><counter type="LINE" missed="0" covered="1"/><counter type="COMPLEXITY" missed="0" covered="1"/><counter type="METHOD" missed="0" covered="1"/></method><method name="getMaxBinarySize" desc="()Ljava/lang/Integer;" line="503"><counter type="INSTRUCTION" missed="0" covered="4"/><counter type="LINE" missed="0" covered="1"/><counter type="COMPLEXITY" missed="0" covered="1"/><counter type="METHOD" missed="0" covered="1"/></method><method name="getPropertyBoolean" desc="(Ljava/lang/String;Z)Z" line="507"><counter type="INSTRUCTION" missed="0" covered="8"/><counter type="LINE" missed="0" covered="2"/><counter type="COMPLEXITY" missed="0" covered="1"/><counter type="METHOD" missed="0" covered="1"/></method><method name="getPropertyEnum" desc="(Ljava/lang/String;Ljava/lang/Class;Ljava/lang/Enum;)Ljava/lang/Enum;" line="512"><counter type="INSTRUCTION" missed="9" covered="0"/><counter type="LINE" missed="2" covered="0"/><counter type="COMPLEXITY" missed="1" covered="0"/><counter type="METHOD" missed="1" covered="0"/></method><method name="getBulkExportEnabled" desc="()Z" line="517"><counter type="INSTRUCTION" missed="0" covered="4"/><counter type="LINE" missed="0" covered="1"/><counter type="COMPLEXITY" missed="0" covered="1"/><counter type="METHOD" missed="0" covered="1"/></method><method name="isFhirPathFilterInterceptorEnabled" desc="()Z" line="521"><counter type="INSTRUCTION" missed="0" covered="4"/><counter type="LINE" missed="0" covered="1"/><counter type="COMPLEXITY" missed="0" covered="1"/><counter type="METHOD" missed="0" covered="1"/></method><method name="getPartitioningMultitenancyEnabled" desc="()Z" line="525"><counter type="INSTRUCTION" missed="0" covered="4"/><counter type="LINE" missed="0" covered="1"/><counter type="COMPLEXITY" missed="0" covered="1"/><counter type="METHOD" missed="0" covered="1"/></method><method name="lambda$loadProperties$0" desc="(Ljava/util/Properties;Ljava/util/Map$Entry;)Z" line="147"><counter type="INSTRUCTION" missed="2" covered="10"/><counter type="BRANCH" missed="2" covered="2"/><counter type="LINE" missed="0" covered="1"/><counter type="COMPLEXITY" missed="2" covered="1"/><counter type="METHOD" missed="0" covered="1"/></method><counter type="INSTRUCTION" missed="122" covered="472"/><counter type="BRANCH" missed="19" covered="25"/><counter type="LINE" missed="28" covered="127"/><counter type="COMPLEXITY" missed="23" covered="80"/><counter type="METHOD" missed="5" covered="76"/><counter type="CLASS" missed="0" covered="1"/></class><class name="ca/uhn/fhir/jpa/starter/BaseJpaRestfulServer" sourcefilename="BaseJpaRestfulServer.java"><method name="&lt;init&gt;" desc="()V" line="45"><counter type="INSTRUCTION" missed="0" covered="3"/><counter type="LINE" missed="0" covered="1"/><counter type="COMPLEXITY" missed="0" covered="1"/><counter type="METHOD" missed="0" covered="1"/></method><method name="initialize" desc="()V" line="52"><counter type="INSTRUCTION" missed="195" covered="366"/><counter type="BRANCH" missed="33" covered="25"/><counter type="LINE" missed="45" covered="92"/><counter type="COMPLEXITY" missed="28" covered="2"/><counter type="METHOD" missed="0" covered="1"/></method><method name="lambda$initialize$1" desc="(Ljava/util/Set;Ljava/lang/String;)V" line="300"><counter type="INSTRUCTION" missed="9" covered="0"/><counter type="LINE" missed="3" covered="0"/><counter type="COMPLEXITY" missed="1" covered="0"/><counter type="METHOD" missed="1" covered="0"/></method><method name="lambda$initialize$0" desc="(Lorg/springframework/web/cors/CorsConfiguration;Ljava/lang/String;)V" line="232"><counter type="INSTRUCTION" missed="0" covered="4"/><counter type="LINE" missed="0" covered="2"/><counter type="COMPLEXITY" missed="0" covered="1"/><counter type="METHOD" missed="0" covered="1"/></method><counter type="INSTRUCTION" missed="204" covered="373"/><counter type="BRANCH" missed="33" covered="25"/><counter type="LINE" missed="48" covered="95"/><counter type="COMPLEXITY" missed="29" covered="4"/><counter type="METHOD" missed="1" covered="3"/><counter type="CLASS" missed="0" covered="1"/></class><class name="ca/uhn/fhir/jpa/starter/FhirServerConfigCommon" sourcefilename="FhirServerConfigCommon.java"><method name="&lt;init&gt;" desc="()V" line="32"><counter type="INSTRUCTION" missed="47" covered="139"/><counter type="BRANCH" missed="17" covered="9"/><counter type="LINE" missed="8" covered="33"/><counter type="COMPLEXITY" missed="13" covered="1"/><counter type="METHOD" missed="0" covered="1"/></method><method name="daoConfig" desc="()Lca/uhn/fhir/jpa/api/config/DaoConfig;" line="92"><counter type="INSTRUCTION" missed="17" covered="109"/><counter type="BRANCH" missed="5" covered="5"/><counter type="LINE" missed="4" covered="26"/><counter type="COMPLEXITY" missed="5" covered="1"/><counter type="METHOD" missed="0" covered="1"/></method><method name="partitionSettings" desc="()Lca/uhn/fhir/jpa/model/config/PartitionSettings;" line="137"><counter type="INSTRUCTION" missed="0" covered="11"/><counter type="BRANCH" missed="0" covered="2"/><counter type="LINE" missed="0" covered="4"/><counter type="COMPLEXITY" missed="0" covered="2"/><counter type="METHOD" missed="0" covered="1"/></method><method name="modelConfig" desc="()Lca/uhn/fhir/jpa/model/entity/ModelConfig;" line="150"><counter type="INSTRUCTION" missed="8" covered="33"/><counter type="BRANCH" missed="2" covered="2"/><counter type="LINE" missed="2" covered="8"/><counter type="COMPLEXITY" missed="2" covered="1"/><counter type="METHOD" missed="0" covered="1"/></method><method name="dataSource" desc="()Lorg/apache/commons/dbcp2/BasicDataSource;" line="176"><counter type="INSTRUCTION" missed="0" covered="32"/><counter type="LINE" missed="0" covered="8"/><counter type="COMPLEXITY" missed="0" covered="1"/><counter type="METHOD" missed="0" covered="1"/></method><method name="binaryStorageSvc" desc="()Lca/uhn/fhir/jpa/binstore/IBinaryStorageSvc;" line="189"><counter type="INSTRUCTION" missed="0" covered="12"/><counter type="BRANCH" missed="1" covered="1"/><counter type="LINE" missed="0" covered="4"/><counter type="COMPLEXITY" missed="1" covered="1"/><counter type="METHOD" missed="0" covered="1"/></method><method name="emailSender" desc="()Lca/uhn/fhir/jpa/subscription/match/deliver/email/IEmailSender;" line="200"><counter type="INSTRUCTION" missed="51" covered="6"/><counter type="BRANCH" missed="1" covered="1"/><counter type="LINE" missed="13" covered="2"/><counter type="COMPLEXITY" missed="1" covered="1"/><counter type="METHOD" missed="0" covered="1"/></method><method name="&lt;clinit&gt;" desc="()V" line="30"><counter type="INSTRUCTION" missed="0" covered="4"/><counter type="LINE" missed="0" covered="1"/><counter type="COMPLEXITY" missed="0" covered="1"/><counter type="METHOD" missed="0" covered="1"/></method><counter type="INSTRUCTION" missed="123" covered="346"/><counter type="BRANCH" missed="26" covered="20"/><counter type="LINE" missed="27" covered="86"/><counter type="COMPLEXITY" missed="22" covered="9"/><counter type="METHOD" missed="0" covered="8"/><counter type="CLASS" missed="0" covered="1"/></class><class name="ca/uhn/fhir/jpa/starter/JpaRestfulServer" sourcefilename="JpaRestfulServer.java"><method name="&lt;init&gt;" desc="()V" line="5"><counter type="INSTRUCTION" missed="0" covered="3"/><counter type="LINE" missed="0" covered="1"/><counter type="COMPLEXITY" missed="0" covered="1"/><counter type="METHOD" missed="0" covered="1"/></method><method name="initialize" desc="()V" line="11"><counter type="INSTRUCTION" missed="0" covered="3"/><counter type="LINE" missed="0" covered="2"/><counter type="COMPLEXITY" missed="0" covered="1"/><counter type="METHOD" missed="0" covered="1"/></method><counter type="INSTRUCTION" missed="0" covered="6"/><counter type="LINE" missed="0" covered="3"/><counter type="COMPLEXITY" missed="0" covered="2"/><counter type="METHOD" missed="0" covered="2"/><counter type="CLASS" missed="0" covered="1"/></class><class name="ca/uhn/fhir/jpa/starter/FhirTesterConfig" sourcefilename="FhirTesterConfig.java"><method name="&lt;init&gt;" desc="()V" line="20"><counter type="INSTRUCTION" missed="0" covered="3"/><counter type="LINE" missed="0" covered="1"/><counter type="COMPLEXITY" missed="0" covered="1"/><counter type="METHOD" missed="0" covered="1"/></method><method name="testerConfig" desc="()Lca/uhn/fhir/to/TesterConfig;" line="38"><counter type="INSTRUCTION" missed="0" covered="21"/><counter type="LINE" missed="0" covered="9"/><counter type="COMPLEXITY" missed="0" covered="1"/><counter type="METHOD" missed="0" covered="1"/></method><counter type="INSTRUCTION" missed="0" covered="24"/><counter type="LINE" missed="0" covered="10"/><counter type="COMPLEXITY" missed="0" covered="2"/><counter type="METHOD" missed="0" covered="2"/><counter type="CLASS" missed="0" covered="1"/></class><class name="ca/uhn/fhir/jpa/starter/FhirServerConfigR5" sourcefilename="FhirServerConfigR5.java"><method name="&lt;init&gt;" desc="()V" line="17"><counter type="INSTRUCTION" missed="3" covered="0"/><counter type="LINE" missed="1" covered="0"/><counter type="COMPLEXITY" missed="1" covered="0"/><counter type="METHOD" missed="1" covered="0"/></method><method name="databaseBackedPagingProvider" desc="()Lca/uhn/fhir/jpa/search/DatabaseBackedPagingProvider;" line="29"><counter type="INSTRUCTION" missed="15" covered="0"/><counter type="LINE" missed="4" covered="0"/><counter type="COMPLEXITY" missed="1" covered="0"/><counter type="METHOD" missed="1" covered="0"/></method><method name="entityManagerFactory" desc="()Lorg/springframework/orm/jpa/LocalContainerEntityManagerFactoryBean;" line="38"><counter type="INSTRUCTION" missed="23" covered="0"/><counter type="LINE" missed="8" covered="0"/><counter type="COMPLEXITY" missed="1" covered="0"/><counter type="METHOD" missed="1" covered="0"/></method><method name="hapiTransactionManager" desc="(Ljavax/persistence/EntityManagerFactory;)Lorg/springframework/orm/jpa/JpaTransactionManager;" line="54"><counter type="INSTRUCTION" missed="9" covered="0"/><counter type="LINE" missed="3" covered="0"/><counter type="COMPLEXITY" missed="1" covered="0"/><counter type="METHOD" missed="1" covered="0"/></method><counter type="INSTRUCTION" missed="50" covered="0"/><counter type="LINE" missed="16" covered="0"/><counter type="COMPLEXITY" missed="4" covered="0"/><counter type="METHOD" missed="4" covered="0"/><counter type="CLASS" missed="1" covered="0"/></class><class name="ca/uhn/fhir/jpa/starter/FhirServerConfigDstu3" sourcefilename="FhirServerConfigDstu3.java"><method name="&lt;init&gt;" desc="()V" line="17"><counter type="INSTRUCTION" missed="3" covered="0"/><counter type="LINE" missed="1" covered="0"/><counter type="COMPLEXITY" missed="1" covered="0"/><counter type="METHOD" missed="1" covered="0"/></method><method name="databaseBackedPagingProvider" desc="()Lca/uhn/fhir/jpa/search/DatabaseBackedPagingProvider;" line="29"><counter type="INSTRUCTION" missed="15" covered="0"/><counter type="LINE" missed="4" covered="0"/><counter type="COMPLEXITY" missed="1" covered="0"/><counter type="METHOD" missed="1" covered="0"/></method><method name="entityManagerFactory" desc="()Lorg/springframework/orm/jpa/LocalContainerEntityManagerFactoryBean;" line="38"><counter type="INSTRUCTION" missed="23" covered="0"/><counter type="LINE" missed="8" covered="0"/><counter type="COMPLEXITY" missed="1" covered="0"/><counter type="METHOD" missed="1" covered="0"/></method><method name="hapiTransactionManager" desc="(Ljavax/persistence/EntityManagerFactory;)Lorg/springframework/orm/jpa/JpaTransactionManager;" line="54"><counter type="INSTRUCTION" missed="9" covered="0"/><counter type="LINE" missed="3" covered="0"/><counter type="COMPLEXITY" missed="1" covered="0"/><counter type="METHOD" missed="1" covered="0"/></method><counter type="INSTRUCTION" missed="50" covered="0"/><counter type="LINE" missed="16" covered="0"/><counter type="COMPLEXITY" missed="4" covered="0"/><counter type="METHOD" missed="4" covered="0"/><counter type="CLASS" missed="1" covered="0"/></class><class name="ca/uhn/fhir/jpa/starter/FhirServerConfigR4" sourcefilename="FhirServerConfigR4.java"><method name="&lt;init&gt;" desc="()V" line="21"><counter type="INSTRUCTION" missed="0" covered="3"/><counter type="LINE" missed="0" covered="1"/><counter type="COMPLEXITY" missed="0" covered="1"/><counter type="METHOD" missed="0" covered="1"/></method><method name="databaseBackedPagingProvider" desc="()Lca/uhn/fhir/jpa/search/DatabaseBackedPagingProvider;" line="33"><counter type="INSTRUCTION" missed="0" covered="15"/><counter type="LINE" missed="0" covered="4"/><counter type="COMPLEXITY" missed="0" covered="1"/><counter type="METHOD" missed="0" covered="1"/></method><method name="entityManagerFactory" desc="()Lorg/springframework/orm/jpa/LocalContainerEntityManagerFactoryBean;" line="42"><counter type="INSTRUCTION" missed="7" covered="16"/><counter type="LINE" missed="2" covered="6"/><counter type="COMPLEXITY" missed="0" covered="1"/><counter type="METHOD" missed="0" covered="1"/></method><method name="hapiTransactionManager" desc="(Ljavax/persistence/EntityManagerFactory;)Lorg/springframework/orm/jpa/JpaTransactionManager;" line="58"><counter type="INSTRUCTION" missed="0" covered="9"/><counter type="LINE" missed="0" covered="3"/><counter type="COMPLEXITY" missed="0" covered="1"/><counter type="METHOD" missed="0" covered="1"/></method><method name="bpmnProvider" desc="()Lca/uhn/fhir/jpa/msbpmn/BpmnProvider;" line="65"><counter type="INSTRUCTION" missed="0" covered="4"/><counter type="LINE" missed="0" covered="1"/><counter type="COMPLEXITY" missed="0" covered="1"/><counter type="METHOD" missed="0" covered="1"/></method><counter type="INSTRUCTION" missed="7" covered="47"/><counter type="LINE" missed="2" covered="15"/><counter type="COMPLEXITY" missed="0" covered="5"/><counter type="METHOD" missed="0" covered="5"/><counter type="CLASS" missed="0" covered="1"/></class><class name="ca/uhn/fhir/jpa/starter/ApplicationContext" sourcefilename="ApplicationContext.java"><method name="&lt;init&gt;" desc="()V" line="15"><counter type="INSTRUCTION" missed="46" covered="98"/><counter type="BRANCH" missed="9" covered="9"/><counter type="LINE" missed="5" covered="19"/><counter type="COMPLEXITY" missed="8" covered="2"/><counter type="METHOD" missed="0" covered="1"/></method><counter type="INSTRUCTION" missed="46" covered="98"/><counter type="BRANCH" missed="9" covered="9"/><counter type="LINE" missed="5" covered="19"/><counter type="COMPLEXITY" missed="8" covered="2"/><counter type="METHOD" missed="0" covered="1"/><counter type="CLASS" missed="0" covered="1"/></class><class name="ca/uhn/fhir/jpa/starter/FhirServerConfigDstu2" sourcefilename="FhirServerConfigDstu2.java"><method name="&lt;init&gt;" desc="()V" line="17"><counter type="INSTRUCTION" missed="3" covered="0"/><counter type="LINE" missed="1" covered="0"/><counter type="COMPLEXITY" missed="1" covered="0"/><counter type="METHOD" missed="1" covered="0"/></method><method name="databaseBackedPagingProvider" desc="()Lca/uhn/fhir/jpa/search/DatabaseBackedPagingProvider;" line="29"><counter type="INSTRUCTION" missed="15" covered="0"/><counter type="LINE" missed="4" covered="0"/><counter type="COMPLEXITY" missed="1" covered="0"/><counter type="METHOD" missed="1" covered="0"/></method><method name="entityManagerFactory" desc="()Lorg/springframework/orm/jpa/LocalContainerEntityManagerFactoryBean;" line="38"><counter type="INSTRUCTION" missed="23" covered="0"/><counter type="LINE" missed="8" covered="0"/><counter type="COMPLEXITY" missed="1" covered="0"/><counter type="METHOD" missed="1" covered="0"/></method><method name="hapiTransactionManager" desc="(Ljavax/persistence/EntityManagerFactory;)Lorg/springframework/orm/jpa/JpaTransactionManager;" line="54"><counter type="INSTRUCTION" missed="9" covered="0"/><counter type="LINE" missed="3" covered="0"/><counter type="COMPLEXITY" missed="1" covered="0"/><counter type="METHOD" missed="1" covered="0"/></method><counter type="INSTRUCTION" missed="50" covered="0"/><counter type="LINE" missed="16" covered="0"/><counter type="COMPLEXITY" missed="4" covered="0"/><counter type="METHOD" missed="4" covered="0"/><counter type="CLASS" missed="1" covered="0"/></class><sourcefile name="FhirServerConfigDstu2.java"><line nr="17" mi="3" ci="0" mb="0" cb="0"/><line nr="29" mi="3" ci="0" mb="0" cb="0"/><line nr="30" mi="5" ci="0" mb="0" cb="0"/><line nr="31" mi="5" ci="0" mb="0" cb="0"/><line nr="32" mi="2" ci="0" mb="0" cb="0"/><line nr="38" mi="3" ci="0" mb="0" cb="0"/><line nr="39" mi="3" ci="0" mb="0" cb="0"/><line nr="42" mi="4" ci="0" mb="0" cb="0"/><line nr="43" mi="1" ci="0" mb="0" cb="0"/><line nr="44" mi="6" ci="0" mb="0" cb="0"/><line nr="45" mi="1" ci="0" mb="0" cb="0"/><line nr="47" mi="3" ci="0" mb="0" cb="0"/><line nr="48" mi="2" ci="0" mb="0" cb="0"/><line nr="54" mi="4" ci="0" mb="0" cb="0"/><line nr="55" mi="3" ci="0" mb="0" cb="0"/><line nr="56" mi="2" ci="0" mb="0" cb="0"/><counter type="INSTRUCTION" missed="50" covered="0"/><counter type="LINE" missed="16" covered="0"/><counter type="COMPLEXITY" missed="4" covered="0"/><counter type="METHOD" missed="4" covered="0"/><counter type="CLASS" missed="1" covered="0"/></sourcefile><sourcefile name="HapiProperties.java"><line nr="23" mi="3" ci="0" mb="0" cb="0"/><line nr="83" mi="0" ci="4" mb="0" cb="0"/><line nr="90" mi="0" ci="2" mb="0" cb="0"/><line nr="91" mi="0" ci="2" mb="0" cb="0"/><line nr="92" mi="0" ci="1" mb="0" cb="0"/><line nr="100" mi="0" ci="5" mb="0" cb="0"/><line nr="101" mi="0" ci="1" mb="0" cb="0"/><line nr="104" mi="0" ci="2" mb="0" cb="0"/><line nr="106" mi="0" ci="2" mb="1" cb="1"/><line nr="107" mi="4" ci="0" mb="0" cb="0"/><line nr="108" mi="8" ci="0" mb="0" cb="0"/><line nr="109" mi="5" ci="0" mb="0" cb="0"/><line nr="110" mi="5" ci="0" mb="0" cb="0"/><line nr="111" mi="5" ci="0" mb="0" cb="0"/><line nr="112" mi="8" ci="0" mb="0" cb="0"/><line nr="113" mi="6" ci="0" mb="0" cb="0"/><line nr="114" mi="6" ci="0" mb="0" cb="0"/><line nr="115" mi="3" ci="0" mb="0" cb="0"/><line nr="118" mi="0" ci="2" mb="0" cb="0"/><line nr="122" mi="0" ci="2" mb="0" cb="2"/><line nr="123" mi="0" ci="2" mb="0" cb="0"/><line nr="124" mi="0" ci="2" mb="0" cb="0"/><line nr="127" mi="0" ci="2" mb="0" cb="0"/><line nr="134" mi="0" ci="5" mb="0" cb="0"/><line nr="135" mi="0" ci="4" mb="0" cb="0"/><line nr="136" mi="0" ci="3" mb="0" cb="0"/><line nr="137" mi="1" ci="0" mb="0" cb="0"/><line nr="138" mi="6" ci="0" mb="0" cb="0"/><line nr="139" mi="0" ci="1" mb="0" cb="0"/><line nr="141" mi="0" ci="2" mb="0" cb="0"/><line nr="142" mi="0" ci="2" mb="1" cb="1"/><line nr="143" mi="3" ci="0" mb="0" cb="0"/><line nr="145" mi="0" ci="4" mb="0" cb="0"/><line nr="146" mi="0" ci="3" mb="0" cb="0"/><line nr="147" mi="2" ci="13" mb="2" cb="2"/><line nr="148" mi="0" ci="3" mb="0" cb="0"/><line nr="149" mi="0" ci="2" mb="0" cb="0"/><line nr="159" mi="0" ci="3" mb="0" cb="0"/><line nr="160" mi="0" ci="2" mb="1" cb="1"/><line nr="162" mi="4" ci="0" mb="0" cb="0"/><line nr="163" mi="6" ci="0" mb="0" cb="0"/><line nr="164" mi="2" ci="0" mb="0" cb="0"/><line nr="165" mi="1" ci="0" mb="0" cb="0"/><line nr="166" mi="7" ci="0" mb="0" cb="0"/><line nr="170" mi="0" ci="2" mb="0" cb="0"/><line nr="174" mi="0" ci="5" mb="0" cb="0"/><line nr="175" mi="0" ci="5" mb="0" cb="0"/><line nr="176" mi="0" ci="5" mb="0" cb="0"/><line nr="178" mi="0" ci="3" mb="0" cb="0"/><line nr="179" mi="0" ci="2" mb="1" cb="1"/><line nr="180" mi="2" ci="0" mb="0" cb="0"/><line nr="183" mi="0" ci="2" mb="0" cb="0"/><line nr="184" mi="0" ci="2" mb="1" cb="1"/><line nr="185" mi="0" ci="4" mb="0" cb="0"/><line nr="188" mi="0" ci="2" mb="0" cb="0"/><line nr="192" mi="0" ci="3" mb="0" cb="0"/><line nr="194" mi="0" ci="5" mb="1" cb="3"/><line nr="195" mi="0" ci="2" mb="0" cb="0"/><line nr="198" mi="0" ci="2" mb="0" cb="0"/><line nr="202" mi="0" ci="3" mb="0" cb="0"/><line nr="204" mi="0" ci="5" mb="1" cb="3"/><line nr="205" mi="0" ci="2" mb="0" cb="0"/><line nr="208" mi="0" ci="4" mb="0" cb="0"/><line nr="212" mi="0" ci="6" mb="0" cb="0"/><line nr="216" mi="0" ci="3" mb="0" cb="0"/><line nr="218" mi="0" ci="5" mb="1" cb="3"/><line nr="219" mi="0" ci="2" mb="0" cb="0"/><line nr="222" mi="0" ci="4" mb="0" cb="0"/><line nr="226" mi="0" ci="3" mb="0" cb="0"/><line nr="228" mi="0" ci="5" mb="2" cb="2"/><line nr="229" mi="0" ci="3" mb="0" cb="0"/><line nr="232" mi="2" ci="0" mb="0" cb="0"/><line nr="236" mi="0" ci="4" mb="0" cb="0"/><line nr="240" mi="0" ci="3" mb="0" cb="0"/><line nr="242" mi="0" ci="5" mb="2" cb="2"/><line nr="243" mi="0" ci="3" mb="0" cb="0"/><line nr="246" mi="2" ci="0" mb="0" cb="0"/><line nr="250" mi="0" ci="3" mb="0" cb="0"/><line nr="252" mi="3" ci="2" mb="3" cb="1"/><line nr="253" mi="3" ci="0" mb="0" cb="0"/><line nr="256" mi="0" ci="2" mb="0" cb="0"/><line nr="260" mi="0" ci="3" mb="0" cb="0"/><line nr="262" mi="0" ci="5" mb="2" cb="2"/><line nr="263" mi="0" ci="3" mb="0" cb="0"/><line nr="266" mi="2" ci="0" mb="0" cb="0"/><line nr="270" mi="0" ci="5" mb="0" cb="0"/><line nr="274" mi="0" ci="3" mb="0" cb="0"/><line nr="278" mi="0" ci="5" mb="0" cb="0"/><line nr="282" mi="0" ci="5" mb="0" cb="0"/><line nr="286" mi="0" ci="5" mb="0" cb="0"/><line nr="290" mi="0" ci="4" mb="0" cb="0"/><line nr="294" mi="0" ci="4" mb="0" cb="0"/><line nr="298" mi="0" ci="4" mb="0" cb="0"/><line nr="302" mi="0" ci="5" mb="0" cb="0"/><line nr="306" mi="0" ci="4" mb="0" cb="0"/><line nr="310" mi="0" ci="5" mb="0" cb="0"/><line nr="314" mi="0" ci="4" mb="0" cb="0"/><line nr="318" mi="0" ci="3" mb="0" cb="0"/><line nr="322" mi="0" ci="3" mb="0" cb="0"/><line nr="326" mi="0" ci="5" mb="0" cb="0"/><line nr="330" mi="0" ci="5" mb="0" cb="0"/><line nr="334" mi="0" ci="5" mb="0" cb="0"/><line nr="338" mi="0" ci="5" mb="0" cb="0"/><line nr="342" mi="0" ci="5" mb="0" cb="0"/><line nr="346" mi="0" ci="5" mb="0" cb="0"/><line nr="350" mi="0" ci="4" mb="0" cb="0"/><line nr="354" mi="0" ci="4" mb="0" cb="0"/><line nr="359" mi="0" ci="6" mb="0" cb="0"/><line nr="360" mi="0" ci="4" mb="0" cb="0"/><line nr="361" mi="0" ci="2" mb="0" cb="0"/><line nr="362" mi="0" ci="1" mb="0" cb="0"/><line nr="363" mi="0" ci="3" mb="0" cb="0"/><line nr="367" mi="0" ci="4" mb="0" cb="0"/><line nr="371" mi="0" ci="4" mb="0" cb="0"/><line nr="375" mi="0" ci="5" mb="0" cb="0"/><line nr="379" mi="0" ci="5" mb="0" cb="0"/><line nr="383" mi="0" ci="5" mb="0" cb="0"/><line nr="387" mi="0" ci="5" mb="0" cb="0"/><line nr="391" mi="0" ci="5" mb="0" cb="0"/><line nr="395" mi="5" ci="0" mb="0" cb="0"/><line nr="400" mi="4" ci="0" mb="0" cb="0"/><line nr="404" mi="5" ci="0" mb="0" cb="0"/><line nr="408" mi="0" ci="5" mb="0" cb="0"/><line nr="412" mi="0" ci="5" mb="0" cb="0"/><line nr="416" mi="0" ci="4" mb="0" cb="0"/><line nr="420" mi="0" ci="5" mb="0" cb="0"/><line nr="424" mi="0" ci="3" mb="0" cb="0"/><line nr="428" mi="0" ci="5" mb="0" cb="0"/><line nr="432" mi="0" ci="3" mb="0" cb="0"/><line nr="436" mi="0" ci="3" mb="0" cb="0"/><line nr="441" mi="0" ci="5" mb="0" cb="0"/><line nr="445" mi="0" ci="5" mb="0" cb="0"/><line nr="449" mi="0" ci="5" mb="0" cb="0"/><line nr="453" mi="0" ci="5" mb="0" cb="0"/><line nr="457" mi="0" ci="4" mb="0" cb="0"/><line nr="458" mi="0" ci="3" mb="0" cb="0"/><line nr="462" mi="0" ci="4" mb="0" cb="0"/><line nr="463" mi="0" ci="3" mb="0" cb="0"/><line nr="467" mi="0" ci="5" mb="0" cb="0"/><line nr="471" mi="0" ci="4" mb="0" cb="0"/><line nr="475" mi="0" ci="4" mb="0" cb="0"/><line nr="479" mi="0" ci="4" mb="0" cb="0"/><line nr="483" mi="0" ci="4" mb="0" cb="0"/><line nr="487" mi="0" ci="4" mb="0" cb="0"/><line nr="491" mi="0" ci="4" mb="0" cb="0"/><line nr="495" mi="0" ci="4" mb="0" cb="0"/><line nr="499" mi="0" ci="4" mb="0" cb="0"/><line nr="503" mi="0" ci="4" mb="0" cb="0"/><line nr="507" mi="0" ci="5" mb="0" cb="0"/><line nr="508" mi="0" ci="3" mb="0" cb="0"/><line nr="512" mi="5" ci="0" mb="0" cb="0"/><line nr="513" mi="4" ci="0" mb="0" cb="0"/><line nr="517" mi="0" ci="4" mb="0" cb="0"/><line nr="521" mi="0" ci="4" mb="0" cb="0"/><line nr="525" mi="0" ci="4" mb="0" cb="0"/><counter type="INSTRUCTION" missed="122" covered="472"/><counter type="BRANCH" missed="19" covered="25"/><counter type="LINE" missed="28" covered="127"/><counter type="COMPLEXITY" missed="23" covered="80"/><counter type="METHOD" missed="5" covered="76"/><counter type="CLASS" missed="0" covered="1"/></sourcefile><sourcefile name="JpaRestfulServer.java"><line nr="5" mi="0" ci="3" mb="0" cb="0"/><line nr="11" mi="0" ci="2" mb="0" cb="0"/><line nr="15" mi="0" ci="1" mb="0" cb="0"/><counter type="INSTRUCTION" missed="0" covered="6"/><counter type="LINE" missed="0" covered="3"/><counter type="COMPLEXITY" missed="0" covered="2"/><counter type="METHOD" missed="0" covered="2"/><counter type="CLASS" missed="0" covered="1"/></sourcefile><sourcefile name="FhirServerConfigR5.java"><line nr="17" mi="3" ci="0" mb="0" cb="0"/><line nr="29" mi="3" ci="0" mb="0" cb="0"/><line nr="30" mi="5" ci="0" mb="0" cb="0"/><line nr="31" mi="5" ci="0" mb="0" cb="0"/><line nr="32" mi="2" ci="0" mb="0" cb="0"/><line nr="38" mi="3" ci="0" mb="0" cb="0"/><line nr="39" mi="3" ci="0" mb="0" cb="0"/><line nr="42" mi="4" ci="0" mb="0" cb="0"/><line nr="43" mi="1" ci="0" mb="0" cb="0"/><line nr="44" mi="6" ci="0" mb="0" cb="0"/><line nr="45" mi="1" ci="0" mb="0" cb="0"/><line nr="47" mi="3" ci="0" mb="0" cb="0"/><line nr="48" mi="2" ci="0" mb="0" cb="0"/><line nr="54" mi="4" ci="0" mb="0" cb="0"/><line nr="55" mi="3" ci="0" mb="0" cb="0"/><line nr="56" mi="2" ci="0" mb="0" cb="0"/><counter type="INSTRUCTION" missed="50" covered="0"/><counter type="LINE" missed="16" covered="0"/><counter type="COMPLEXITY" missed="4" covered="0"/><counter type="METHOD" missed="4" covered="0"/><counter type="CLASS" missed="1" covered="0"/></sourcefile><sourcefile name="ApplicationContext.java"><line nr="15" mi="0" ci="2" mb="0" cb="0"/><line nr="16" mi="0" ci="2" mb="0" cb="0"/><line nr="17" mi="0" ci="3" mb="1" cb="1"/><line nr="18" mi="13" ci="0" mb="0" cb="0"/><line nr="19" mi="0" ci="3" mb="1" cb="1"/><line nr="20" mi="13" ci="0" mb="0" cb="0"/><line nr="21" mi="0" ci="3" mb="1" cb="1"/><line nr="22" mi="0" ci="13" mb="0" cb="0"/><line nr="23" mi="3" ci="0" mb="2" cb="0"/><line nr="24" mi="13" ci="0" mb="0" cb="0"/><line nr="26" mi="4" ci="0" mb="0" cb="0"/><line nr="29" mi="0" ci="3" mb="1" cb="1"/><line nr="30" mi="0" ci="8" mb="0" cb="0"/><line nr="33" mi="0" ci="3" mb="1" cb="1"/><line nr="34" mi="0" ci="3" mb="1" cb="1"/><line nr="35" mi="0" ci="3" mb="1" cb="1"/><line nr="36" mi="0" ci="8" mb="0" cb="0"/><line nr="37" mi="0" ci="8" mb="0" cb="0"/><line nr="38" mi="0" ci="8" mb="0" cb="0"/><line nr="41" mi="0" ci="3" mb="0" cb="2"/><line nr="42" mi="0" ci="8" mb="0" cb="0"/><line nr="43" mi="0" ci="8" mb="0" cb="0"/><line nr="44" mi="0" ci="8" mb="0" cb="0"/><line nr="47" mi="0" ci="1" mb="0" cb="0"/><counter type="INSTRUCTION" missed="46" covered="98"/><counter type="BRANCH" missed="9" covered="9"/><counter type="LINE" missed="5" covered="19"/><counter type="COMPLEXITY" missed="8" covered="2"/><counter type="METHOD" missed="0" covered="1"/><counter type="CLASS" missed="0" covered="1"/></sourcefile><sourcefile name="FhirServerConfigR4.java"><line nr="21" mi="0" ci="3" mb="0" cb="0"/><line nr="33" mi="0" ci="3" mb="0" cb="0"/><line nr="34" mi="0" ci="5" mb="0" cb="0"/><line nr="35" mi="0" ci="5" mb="0" cb="0"/><line nr="36" mi="0" ci="2" mb="0" cb="0"/><line nr="42" mi="0" ci="3" mb="0" cb="0"/><line nr="43" mi="0" ci="3" mb="0" cb="0"/><line nr="46" mi="0" ci="4" mb="0" cb="0"/><line nr="47" mi="1" ci="0" mb="0" cb="0"/><line nr="48" mi="6" ci="0" mb="0" cb="0"/><line nr="49" mi="0" ci="1" mb="0" cb="0"/><line nr="51" mi="0" ci="3" mb="0" cb="0"/><line nr="52" mi="0" ci="2" mb="0" cb="0"/><line nr="58" mi="0" ci="4" mb="0" cb="0"/><line nr="59" mi="0" ci="3" mb="0" cb="0"/><line nr="60" mi="0" ci="2" mb="0" cb="0"/><line nr="65" mi="0" ci="4" mb="0" cb="0"/><counter type="INSTRUCTION" missed="7" covered="47"/><counter type="LINE" missed="2" covered="15"/><counter type="COMPLEXITY" missed="0" covered="5"/><counter type="METHOD" missed="0" covered="5"/><counter type="CLASS" missed="0" covered="1"/></sourcefile><sourcefile name="BaseJpaRestfulServer.java"><line nr="45" mi="0" ci="3" mb="0" cb="0"/><line nr="52" mi="0" ci="2" mb="0" cb="0"/><line nr="58" mi="0" ci="3" mb="0" cb="0"/><line nr="59" mi="0" ci="3" mb="0" cb="0"/><line nr="61" mi="0" ci="2" mb="0" cb="0"/><line nr="63" mi="4" ci="3" mb="3" cb="1"/><line nr="64" mi="4" ci="0" mb="0" cb="0"/><line nr="67" mi="0" ci="3" mb="1" cb="1"/><line nr="68" mi="5" ci="0" mb="0" cb="0"/><line nr="69" mi="3" ci="0" mb="0" cb="0"/><line nr="75" mi="0" ci="2" mb="0" cb="0"/><line nr="78" mi="0" ci="3" mb="1" cb="1"/><line nr="79" mi="6" ci="0" mb="0" cb="0"/><line nr="80" mi="6" ci="0" mb="0" cb="0"/><line nr="81" mi="0" ci="3" mb="1" cb="1"/><line nr="82" mi="6" ci="0" mb="0" cb="0"/><line nr="83" mi="6" ci="0" mb="0" cb="0"/><line nr="84" mi="0" ci="3" mb="1" cb="1"/><line nr="85" mi="0" ci="6" mb="0" cb="0"/><line nr="86" mi="0" ci="6" mb="0" cb="0"/><line nr="87" mi="3" ci="0" mb="2" cb="0"/><line nr="88" mi="6" ci="0" mb="0" cb="0"/><line nr="89" mi="6" ci="0" mb="0" cb="0"/><line nr="91" mi="4" ci="0" mb="0" cb="0"/><line nr="94" mi="0" ci="6" mb="0" cb="0"/><line nr="96" mi="0" ci="4" mb="0" cb="0"/><line nr="97" mi="0" ci="6" mb="0" cb="0"/><line nr="98" mi="0" ci="3" mb="0" cb="0"/><line nr="108" mi="0" ci="5" mb="0" cb="0"/><line nr="109" mi="0" ci="5" mb="0" cb="0"/><line nr="110" mi="0" ci="3" mb="1" cb="1"/><line nr="111" mi="6" ci="0" mb="0" cb="0"/><line nr="112" mi="7" ci="0" mb="0" cb="0"/><line nr="113" mi="3" ci="0" mb="0" cb="0"/><line nr="114" mi="3" ci="0" mb="0" cb="0"/><line nr="115" mi="1" ci="0" mb="0" cb="0"/><line nr="116" mi="0" ci="3" mb="1" cb="1"/><line nr="117" mi="6" ci="0" mb="0" cb="0"/><line nr="118" mi="8" ci="0" mb="0" cb="0"/><line nr="119" mi="3" ci="0" mb="0" cb="0"/><line nr="120" mi="3" ci="0" mb="0" cb="0"/><line nr="121" mi="1" ci="3" mb="1" cb="1"/><line nr="122" mi="0" ci="6" mb="0" cb="0"/><line nr="123" mi="0" ci="8" mb="0" cb="0"/><line nr="124" mi="0" ci="3" mb="0" cb="0"/><line nr="125" mi="0" ci="3" mb="0" cb="0"/><line nr="126" mi="3" ci="1" mb="2" cb="0"/><line nr="127" mi="6" ci="0" mb="0" cb="0"/><line nr="128" mi="8" ci="0" mb="0" cb="0"/><line nr="129" mi="3" ci="0" mb="0" cb="0"/><line nr="130" mi="3" ci="0" mb="0" cb="0"/><line nr="131" mi="1" ci="0" mb="0" cb="0"/><line nr="132" mi="4" ci="0" mb="0" cb="0"/><line nr="139" mi="0" ci="3" mb="0" cb="0"/><line nr="144" mi="0" ci="3" mb="0" cb="0"/><line nr="145" mi="0" ci="5" mb="0" cb="0"/><line nr="150" mi="0" ci="4" mb="0" cb="0"/><line nr="155" mi="0" ci="3" mb="0" cb="0"/><line nr="163" mi="0" ci="6" mb="0" cb="0"/><line nr="170" mi="0" ci="4" mb="0" cb="0"/><line nr="171" mi="0" ci="3" mb="0" cb="0"/><line nr="173" mi="0" ci="2" mb="1" cb="1"/><line nr="174" mi="5" ci="0" mb="0" cb="0"/><line nr="180" mi="0" ci="4" mb="0" cb="0"/><line nr="181" mi="0" ci="3" mb="0" cb="0"/><line nr="182" mi="0" ci="3" mb="0" cb="0"/><line nr="183" mi="0" ci="3" mb="0" cb="0"/><line nr="184" mi="0" ci="4" mb="0" cb="0"/><line nr="185" mi="0" ci="3" mb="0" cb="0"/><line nr="193" mi="0" ci="2" mb="0" cb="0"/><line nr="194" mi="0" ci="5" mb="2" cb="2"/><line nr="195" mi="0" ci="6" mb="0" cb="0"/><line nr="220" mi="0" ci="3" mb="1" cb="1"/><line nr="221" mi="0" ci="4" mb="0" cb="0"/><line nr="222" mi="0" ci="3" mb="0" cb="0"/><line nr="223" mi="0" ci="3" mb="0" cb="0"/><line nr="224" mi="0" ci="3" mb="0" cb="0"/><line nr="225" mi="0" ci="3" mb="0" cb="0"/><line nr="226" mi="0" ci="3" mb="0" cb="0"/><line nr="227" mi="0" ci="3" mb="0" cb="0"/><line nr="228" mi="0" ci="3" mb="0" cb="0"/><line nr="229" mi="0" ci="3" mb="0" cb="0"/><line nr="230" mi="0" ci="2" mb="0" cb="0"/><line nr="231" mi="0" ci="7" mb="0" cb="0"/><line nr="232" mi="0" ci="3" mb="0" cb="0"/><line nr="233" mi="0" ci="1" mb="0" cb="0"/><line nr="234" mi="0" ci="3" mb="0" cb="0"/><line nr="236" mi="0" ci="3" mb="0" cb="0"/><line nr="237" mi="0" ci="3" mb="0" cb="0"/><line nr="238" mi="0" ci="32" mb="0" cb="0"/><line nr="239" mi="0" ci="1" mb="0" cb="0"/><line nr="240" mi="0" ci="3" mb="0" cb="0"/><line nr="243" mi="0" ci="5" mb="0" cb="0"/><line nr="244" mi="0" ci="3" mb="0" cb="0"/><line nr="249" mi="0" ci="3" mb="1" cb="1"/><line nr="250" mi="3" ci="0" mb="2" cb="0"/><line nr="251" mi="3" ci="0" mb="2" cb="0"/><line nr="253" mi="0" ci="5" mb="0" cb="0"/><line nr="254" mi="0" ci="6" mb="0" cb="0"/><line nr="258" mi="0" ci="5" mb="0" cb="0"/><line nr="259" mi="0" ci="5" mb="0" cb="0"/><line nr="260" mi="0" ci="3" mb="1" cb="1"/><line nr="261" mi="0" ci="7" mb="0" cb="0"/><line nr="262" mi="0" ci="5" mb="0" cb="0"/><line nr="266" mi="0" ci="2" mb="1" cb="1"/><line nr="267" mi="0" ci="2" mb="0" cb="0"/><line nr="268" mi="0" ci="3" mb="0" cb="0"/><line nr="269" mi="0" ci="5" mb="0" cb="0"/><line nr="273" mi="0" ci="5" mb="0" cb="0"/><line nr="274" mi="0" ci="2" mb="1" cb="1"/><line nr="275" mi="0" ci="2" mb="1" cb="1"/><line nr="276" mi="4" ci="0" mb="0" cb="0"/><line nr="277" mi="3" ci="0" mb="0" cb="0"/><line nr="278" mi="4" ci="0" mb="0" cb="0"/><line nr="279" mi="3" ci="0" mb="0" cb="0"/><line nr="281" mi="0" ci="2" mb="1" cb="1"/><line nr="282" mi="4" ci="0" mb="0" cb="0"/><line nr="283" mi="3" ci="0" mb="0" cb="0"/><line nr="284" mi="4" ci="0" mb="0" cb="0"/><line nr="285" mi="3" ci="0" mb="0" cb="0"/><line nr="290" mi="0" ci="2" mb="1" cb="1"/><line nr="291" mi="0" ci="4" mb="1" cb="1"/><line nr="292" mi="0" ci="5" mb="0" cb="0"/><line nr="296" mi="0" ci="3" mb="1" cb="1"/><line nr="297" mi="2" ci="0" mb="0" cb="0"/><line nr="298" mi="4" ci="0" mb="0" cb="0"/><line nr="299" mi="7" ci="0" mb="0" cb="0"/><line nr="300" mi="3" ci="0" mb="0" cb="0"/><line nr="301" mi="5" ci="0" mb="0" cb="0"/><line nr="302" mi="1" ci="0" mb="0" cb="0"/><line nr="303" mi="2" ci="0" mb="0" cb="0"/><line nr="304" mi="6" ci="0" mb="0" cb="0"/><line nr="305" mi="1" ci="0" mb="0" cb="0"/><line nr="309" mi="0" ci="2" mb="1" cb="1"/><line nr="310" mi="0" ci="5" mb="0" cb="0"/><line nr="314" mi="0" ci="2" mb="0" cb="2"/><line nr="315" mi="0" ci="5" mb="0" cb="0"/><line nr="316" mi="0" ci="5" mb="0" cb="0"/><line nr="317" mi="0" ci="10" mb="0" cb="0"/><line nr="320" mi="0" ci="3" mb="1" cb="1"/><line nr="321" mi="3" ci="0" mb="0" cb="0"/><line nr="322" mi="3" ci="0" mb="0" cb="0"/><line nr="324" mi="0" ci="1" mb="0" cb="0"/><counter type="INSTRUCTION" missed="204" covered="373"/><counter type="BRANCH" missed="33" covered="25"/><counter type="LINE" missed="48" covered="95"/><counter type="COMPLEXITY" missed="29" covered="4"/><counter type="METHOD" missed="1" covered="3"/><counter type="CLASS" missed="0" covered="1"/></sourcefile><sourcefile name="FhirServerConfigDstu3.java"><line nr="17" mi="3" ci="0" mb="0" cb="0"/><line nr="29" mi="3" ci="0" mb="0" cb="0"/><line nr="30" mi="5" ci="0" mb="0" cb="0"/><line nr="31" mi="5" ci="0" mb="0" cb="0"/><line nr="32" mi="2" ci="0" mb="0" cb="0"/><line nr="38" mi="3" ci="0" mb="0" cb="0"/><line nr="39" mi="3" ci="0" mb="0" cb="0"/><line nr="42" mi="4" ci="0" mb="0" cb="0"/><line nr="43" mi="1" ci="0" mb="0" cb="0"/><line nr="44" mi="6" ci="0" mb="0" cb="0"/><line nr="45" mi="1" ci="0" mb="0" cb="0"/><line nr="47" mi="3" ci="0" mb="0" cb="0"/><line nr="48" mi="2" ci="0" mb="0" cb="0"/><line nr="54" mi="4" ci="0" mb="0" cb="0"/><line nr="55" mi="3" ci="0" mb="0" cb="0"/><line nr="56" mi="2" ci="0" mb="0" cb="0"/><counter type="INSTRUCTION" missed="50" covered="0"/><counter type="LINE" missed="16" covered="0"/><counter type="COMPLEXITY" missed="4" covered="0"/><counter type="METHOD" missed="4" covered="0"/><counter type="CLASS" missed="1" covered="0"/></sourcefile><sourcefile name="FhirTesterConfig.java"><line nr="20" mi="0" ci="3" mb="0" cb="0"/><line nr="38" mi="0" ci="4" mb="0" cb="0"/><line nr="39" mi="0" ci="1" mb="0" cb="0"/><line nr="40" mi="0" ci="1" mb="0" cb="0"/><line nr="41" mi="0" ci="2" mb="0" cb="0"/><line nr="42" mi="0" ci="2" mb="0" cb="0"/><line nr="43" mi="0" ci="2" mb="0" cb="0"/><line nr="44" mi="0" ci="3" mb="0" cb="0"/><line nr="45" mi="0" ci="4" mb="0" cb="0"/><line nr="46" mi="0" ci="2" mb="0" cb="0"/><counter type="INSTRUCTION" missed="0" covered="24"/><counter type="LINE" missed="0" covered="10"/><counter type="COMPLEXITY" missed="0" covered="2"/><counter type="METHOD" missed="0" covered="2"/><counter type="CLASS" missed="0" covered="1"/></sourcefile><sourcefile name="FhirServerConfigCommon.java"><line nr="30" mi="0" ci="4" mb="0" cb="0"/><line nr="32" mi="0" ci="4" mb="0" cb="0"/><line nr="33" mi="0" ci="4" mb="0" cb="0"/><line nr="34" mi="0" ci="4" mb="0" cb="0"/><line nr="35" mi="0" ci="4" mb="0" cb="0"/><line nr="36" mi="0" ci="3" mb="0" cb="0"/><line nr="37" mi="0" ci="3" mb="0" cb="0"/><line nr="38" mi="0" ci="3" mb="0" cb="0"/><line nr="39" mi="0" ci="3" mb="0" cb="0"/><line nr="40" mi="0" ci="3" mb="0" cb="0"/><line nr="41" mi="0" ci="3" mb="0" cb="0"/><line nr="42" mi="0" ci="3" mb="0" cb="0"/><line nr="43" mi="0" ci="3" mb="0" cb="0"/><line nr="44" mi="0" ci="3" mb="0" cb="0"/><line nr="45" mi="0" ci="3" mb="0" cb="0"/><line nr="46" mi="0" ci="3" mb="0" cb="0"/><line nr="47" mi="0" ci="3" mb="0" cb="0"/><line nr="48" mi="0" ci="3" mb="0" cb="0"/><line nr="49" mi="0" ci="3" mb="0" cb="0"/><line nr="50" mi="0" ci="3" mb="0" cb="0"/><line nr="51" mi="0" ci="3" mb="0" cb="0"/><line nr="52" mi="0" ci="3" mb="0" cb="0"/><line nr="53" mi="0" ci="3" mb="0" cb="0"/><line nr="57" mi="0" ci="2" mb="0" cb="0"/><line nr="58" mi="1" ci="9" mb="1" cb="1"/><line nr="59" mi="1" ci="9" mb="1" cb="1"/><line nr="60" mi="1" ci="9" mb="1" cb="1"/><line nr="61" mi="1" ci="9" mb="1" cb="1"/><line nr="62" mi="1" ci="9" mb="1" cb="1"/><line nr="63" mi="1" ci="9" mb="1" cb="1"/><line nr="65" mi="0" ci="4" mb="1" cb="1"/><line nr="66" mi="8" ci="0" mb="0" cb="0"/><line nr="67" mi="5" ci="0" mb="0" cb="0"/><line nr="69" mi="7" ci="0" mb="4" cb="0"/><line nr="70" mi="5" ci="0" mb="0" cb="0"/><line nr="73" mi="7" ci="0" mb="4" cb="0"/><line nr="74" mi="3" ci="0" mb="0" cb="0"/><line nr="78" mi="0" ci="4" mb="1" cb="1"/><line nr="79" mi="3" ci="0" mb="0" cb="0"/><line nr="82" mi="0" ci="4" mb="1" cb="1"/><line nr="83" mi="3" ci="0" mb="0" cb="0"/><line nr="85" mi="0" ci="1" mb="0" cb="0"/><line nr="92" mi="0" ci="4" mb="0" cb="0"/><line nr="94" mi="2" ci="7" mb="1" cb="1"/><line nr="95" mi="0" ci="5" mb="0" cb="0"/><line nr="96" mi="0" ci="5" mb="0" cb="0"/><line nr="97" mi="0" ci="5" mb="0" cb="0"/><line nr="98" mi="0" ci="5" mb="0" cb="0"/><line nr="99" mi="0" ci="5" mb="0" cb="0"/><line nr="100" mi="0" ci="5" mb="0" cb="0"/><line nr="101" mi="0" ci="5" mb="0" cb="0"/><line nr="102" mi="0" ci="5" mb="0" cb="0"/><line nr="103" mi="0" ci="4" mb="0" cb="0"/><line nr="105" mi="0" ci="2" mb="0" cb="0"/><line nr="106" mi="0" ci="3" mb="0" cb="0"/><line nr="107" mi="1" ci="9" mb="1" cb="1"/><line nr="109" mi="0" ci="2" mb="0" cb="0"/><line nr="110" mi="0" ci="3" mb="0" cb="0"/><line nr="111" mi="0" ci="4" mb="0" cb="0"/><line nr="113" mi="0" ci="2" mb="0" cb="0"/><line nr="114" mi="0" ci="8" mb="0" cb="0"/><line nr="117" mi="0" ci="3" mb="1" cb="1"/><line nr="118" mi="3" ci="0" mb="0" cb="0"/><line nr="119" mi="4" ci="0" mb="0" cb="0"/><line nr="121" mi="0" ci="3" mb="1" cb="1"/><line nr="122" mi="3" ci="0" mb="0" cb="0"/><line nr="123" mi="4" ci="0" mb="0" cb="0"/><line nr="125" mi="0" ci="3" mb="1" cb="1"/><line nr="126" mi="0" ci="3" mb="0" cb="0"/><line nr="127" mi="0" ci="4" mb="0" cb="0"/><line nr="130" mi="0" ci="3" mb="0" cb="0"/><line nr="132" mi="0" ci="2" mb="0" cb="0"/><line nr="137" mi="0" ci="4" mb="0" cb="0"/><line nr="140" mi="0" ci="2" mb="0" cb="2"/><line nr="141" mi="0" ci="3" mb="0" cb="0"/><line nr="144" mi="0" ci="2" mb="0" cb="0"/><line nr="150" mi="0" ci="4" mb="0" cb="0"/><line nr="151" mi="0" ci="5" mb="0" cb="0"/><line nr="152" mi="0" ci="5" mb="0" cb="0"/><line nr="153" mi="0" ci="5" mb="0" cb="0"/><line nr="154" mi="0" ci="4" mb="0" cb="0"/><line nr="157" mi="0" ci="4" mb="1" cb="1"/><line nr="158" mi="4" ci="0" mb="0" cb="0"/><line nr="161" mi="0" ci="4" mb="1" cb="1"/><line nr="162" mi="4" ci="0" mb="0" cb="0"/><line nr="165" mi="0" ci="2" mb="0" cb="0"/><line nr="176" mi="0" ci="4" mb="0" cb="0"/><line nr="177" mi="0" ci="10" mb="0" cb="0"/><line nr="178" mi="0" ci="3" mb="0" cb="0"/><line nr="179" mi="0" ci="3" mb="0" cb="0"/><line nr="180" mi="0" ci="3" mb="0" cb="0"/><line nr="181" mi="0" ci="3" mb="0" cb="0"/><line nr="182" mi="0" ci="4" mb="0" cb="0"/><line nr="183" mi="0" ci="2" mb="0" cb="0"/><line nr="189" mi="0" ci="4" mb="0" cb="0"/><line nr="191" mi="0" ci="2" mb="1" cb="1"/><line nr="192" mi="0" ci="4" mb="0" cb="0"/><line nr="195" mi="0" ci="2" mb="0" cb="0"/><line nr="200" mi="0" ci="4" mb="1" cb="1"/><line nr="201" mi="4" ci="0" mb="0" cb="0"/><line nr="203" mi="4" ci="0" mb="0" cb="0"/><line nr="204" mi="5" ci="0" mb="0" cb="0"/><line nr="205" mi="4" ci="0" mb="0" cb="0"/><line nr="206" mi="4" ci="0" mb="0" cb="0"/><line nr="207" mi="4" ci="0" mb="0" cb="0"/><line nr="208" mi="4" ci="0" mb="0" cb="0"/><line nr="209" mi="4" ci="0" mb="0" cb="0"/><line nr="210" mi="4" ci="0" mb="0" cb="0"/><line nr="212" mi="6" ci="0" mb="0" cb="0"/><line nr="213" mi="3" ci="0" mb="0" cb="0"/><line nr="214" mi="3" ci="0" mb="0" cb="0"/><line nr="217" mi="2" ci="0" mb="0" cb="0"/><line nr="220" mi="0" ci="2" mb="0" cb="0"/><counter type="INSTRUCTION" missed="123" covered="346"/><counter type="BRANCH" missed="26" covered="20"/><counter type="LINE" missed="27" covered="86"/><counter type="COMPLEXITY" missed="22" covered="9"/><counter type="METHOD" missed="0" covered="8"/><counter type="CLASS" missed="0" covered="1"/></sourcefile><counter type="INSTRUCTION" missed="652" covered="1366"/><counter type="BRANCH" missed="87" covered="79"/><counter type="LINE" missed="158" covered="355"/><counter type="COMPLEXITY" missed="94" covered="104"/><counter type="METHOD" missed="18" covered="97"/><counter type="CLASS" missed="3" covered="7"/></package><package name="org/hl7/fhir/r4/model"><class name="org/hl7/fhir/r4/model/PlanDefinition$RequestPriority" sourcefilename="PlanDefinition.java"><method name="fromCode" desc="(Ljava/lang/String;)Lorg/hl7/fhir/r4/model/PlanDefinition$RequestPriority;" line="73"><counter type="INSTRUCTION" missed="42" covered="0"/><counter type="BRANCH" missed="14" covered="0"/><counter type="LINE" missed="13" covered="0"/><counter type="COMPLEXITY" missed="8" covered="0"/><counter type="METHOD" missed="1" covered="0"/></method><method name="toCode" desc="()Ljava/lang/String;" line="89"><counter type="INSTRUCTION" missed="15" covered="0"/><counter type="BRANCH" missed="5" covered="0"/><counter type="LINE" missed="6" covered="0"/><counter type="COMPLEXITY" missed="5" covered="0"/><counter type="METHOD" missed="1" covered="0"/></method><method name="getSystem" desc="()Ljava/lang/String;" line="98"><counter type="INSTRUCTION" missed="15" covered="0"/><counter type="BRANCH" missed="5" covered="0"/><counter type="LINE" missed="6" covered="0"/><counter type="COMPLEXITY" missed="5" covered="0"/><counter type="METHOD" missed="1" covered="0"/></method><method name="getDefinition" desc="()Ljava/lang/String;" line="107"><counter type="INSTRUCTION" missed="15" covered="0"/><counter type="BRANCH" missed="5" covered="0"/><counter type="LINE" missed="6" covered="0"/><counter type="COMPLEXITY" missed="5" covered="0"/><counter type="METHOD" missed="1" covered="0"/></method><method name="getDisplay" desc="()Ljava/lang/String;" line="116"><counter type="INSTRUCTION" missed="15" covered="0"/><counter type="BRANCH" missed="5" covered="0"/><counter type="LINE" missed="6" covered="0"/><counter type="COMPLEXITY" missed="5" covered="0"/><counter type="METHOD" missed="1" covered="0"/></method><method name="&lt;clinit&gt;" desc="()V" line="51"><counter type="INSTRUCTION" missed="54" covered="0"/><counter type="LINE" missed="6" covered="0"/><counter type="COMPLEXITY" missed="1" covered="0"/><counter type="METHOD" missed="1" covered="0"/></method><counter type="INSTRUCTION" missed="156" covered="0"/><counter type="BRANCH" missed="34" covered="0"/><counter type="LINE" missed="43" covered="0"/><counter type="COMPLEXITY" missed="29" covered="0"/><counter type="METHOD" missed="6" covered="0"/><counter type="CLASS" missed="1" covered="0"/></class><class name="org/hl7/fhir/r4/model/PlanDefinition$RequestPriorityEnumFactory" sourcefilename="PlanDefinition.java"><method name="&lt;init&gt;" desc="()V" line="126"><counter type="INSTRUCTION" missed="3" covered="0"/><counter type="LINE" missed="1" covered="0"/><counter type="COMPLEXITY" missed="1" covered="0"/><counter type="METHOD" missed="1" covered="0"/></method><method name="fromCode" desc="(Ljava/lang/String;)Lorg/hl7/fhir/r4/model/PlanDefinition$RequestPriority;" line="128"><counter type="INSTRUCTION" missed="44" covered="0"/><counter type="BRANCH" missed="16" covered="0"/><counter type="LINE" missed="12" covered="0"/><counter type="COMPLEXITY" missed="9" covered="0"/><counter type="METHOD" missed="1" covered="0"/></method><method name="fromType" desc="(Lorg/hl7/fhir/r4/model/Base;)Lorg/hl7/fhir/r4/model/Enumeration;" line="142"><counter type="INSTRUCTION" missed="70" covered="0"/><counter type="BRANCH" missed="16" covered="0"/><counter type="LINE" missed="16" covered="0"/><counter type="COMPLEXITY" missed="9" covered="0"/><counter type="METHOD" missed="1" covered="0"/></method><method name="toCode" desc="(Lorg/hl7/fhir/r4/model/PlanDefinition$RequestPriority;)Ljava/lang/String;" line="160"><counter type="INSTRUCTION" missed="22" covered="0"/><counter type="BRANCH" missed="8" covered="0"/><counter type="LINE" missed="9" covered="0"/><counter type="COMPLEXITY" missed="5" covered="0"/><counter type="METHOD" missed="1" covered="0"/></method><method name="toSystem" desc="(Lorg/hl7/fhir/r4/model/PlanDefinition$RequestPriority;)Ljava/lang/String;" line="171"><counter type="INSTRUCTION" missed="3" covered="0"/><counter type="LINE" missed="1" covered="0"/><counter type="COMPLEXITY" missed="1" covered="0"/><counter type="METHOD" missed="1" covered="0"/></method><counter type="INSTRUCTION" missed="142" covered="0"/><counter type="BRANCH" missed="40" covered="0"/><counter type="LINE" missed="39" covered="0"/><counter type="COMPLEXITY" missed="25" covered="0"/><counter type="METHOD" missed="5" covered="0"/><counter type="CLASS" missed="1" covered="0"/></class><class name="org/hl7/fhir/r4/model/PlanDefinition$ActionGroupingBehavior" sourcefilename="PlanDefinition.java"><method name="fromCode" desc="(Ljava/lang/String;)Lorg/hl7/fhir/r4/model/PlanDefinition$ActionGroupingBehavior;" line="629"><counter type="INSTRUCTION" missed="36" covered="0"/><counter type="BRANCH" missed="12" covered="0"/><counter type="LINE" missed="11" covered="0"/><counter type="COMPLEXITY" missed="7" covered="0"/><counter type="METHOD" missed="1" covered="0"/></method><method name="toCode" desc="()Ljava/lang/String;" line="643"><counter type="INSTRUCTION" missed="13" covered="0"/><counter type="BRANCH" missed="4" covered="0"/><counter type="LINE" missed="5" covered="0"/><counter type="COMPLEXITY" missed="4" covered="0"/><counter type="METHOD" missed="1" covered="0"/></method><method name="getSystem" desc="()Ljava/lang/String;" line="651"><counter type="INSTRUCTION" missed="13" covered="0"/><counter type="BRANCH" missed="4" covered="0"/><counter type="LINE" missed="5" covered="0"/><counter type="COMPLEXITY" missed="4" covered="0"/><counter type="METHOD" missed="1" covered="0"/></method><method name="getDefinition" desc="()Ljava/lang/String;" line="659"><counter type="INSTRUCTION" missed="13" covered="0"/><counter type="BRANCH" missed="4" covered="0"/><counter type="LINE" missed="5" covered="0"/><counter type="COMPLEXITY" missed="4" covered="0"/><counter type="METHOD" missed="1" covered="0"/></method><method name="getDisplay" desc="()Ljava/lang/String;" line="667"><counter type="INSTRUCTION" missed="13" covered="0"/><counter type="BRANCH" missed="4" covered="0"/><counter type="LINE" missed="5" covered="0"/><counter type="COMPLEXITY" missed="4" covered="0"/><counter type="METHOD" missed="1" covered="0"/></method><method name="&lt;clinit&gt;" desc="()V" line="611"><counter type="INSTRUCTION" missed="44" covered="0"/><counter type="LINE" missed="5" covered="0"/><counter type="COMPLEXITY" missed="1" covered="0"/><counter type="METHOD" missed="1" covered="0"/></method><counter type="INSTRUCTION" missed="132" covered="0"/><counter type="BRANCH" missed="28" covered="0"/><counter type="LINE" missed="36" covered="0"/><counter type="COMPLEXITY" missed="24" covered="0"/><counter type="METHOD" missed="6" covered="0"/><counter type="CLASS" missed="1" covered="0"/></class><class name="org/hl7/fhir/r4/model/PlanDefinition$PlanDefinitionGoalComponent" sourcefilename="PlanDefinition.java"><method name="&lt;init&gt;" desc="()V" line="1229"><counter type="INSTRUCTION" missed="3" covered="0"/><counter type="LINE" missed="2" covered="0"/><counter type="COMPLEXITY" missed="1" covered="0"/><counter type="METHOD" missed="1" covered="0"/></method><method name="&lt;init&gt;" desc="(Lorg/hl7/fhir/r4/model/CodeableConcept;)V" line="1236"><counter type="INSTRUCTION" missed="6" covered="0"/><counter type="LINE" missed="3" covered="0"/><counter type="COMPLEXITY" missed="1" covered="0"/><counter type="METHOD" missed="1" covered="0"/></method><method name="getCategory" desc="()Lorg/hl7/fhir/r4/model/CodeableConcept;" line="1244"><counter type="INSTRUCTION" missed="20" covered="0"/><counter type="BRANCH" missed="6" covered="0"/><counter type="LINE" missed="6" covered="0"/><counter type="COMPLEXITY" missed="4" covered="0"/><counter type="METHOD" missed="1" covered="0"/></method><method name="hasCategory" desc="()Z" line="1253"><counter type="INSTRUCTION" missed="11" covered="0"/><counter type="BRANCH" missed="4" covered="0"/><counter type="LINE" missed="1" covered="0"/><counter type="COMPLEXITY" missed="3" covered="0"/><counter type="METHOD" missed="1" covered="0"/></method><method name="setCategory" desc="(Lorg/hl7/fhir/r4/model/CodeableConcept;)Lorg/hl7/fhir/r4/model/PlanDefinition$PlanDefinitionGoalComponent;" line="1260"><counter type="INSTRUCTION" missed="5" covered="0"/><counter type="LINE" missed="2" covered="0"/><counter type="COMPLEXITY" missed="1" covered="0"/><counter type="METHOD" missed="1" covered="0"/></method><method name="getDescription" desc="()Lorg/hl7/fhir/r4/model/CodeableConcept;" line="1268"><counter type="INSTRUCTION" missed="20" covered="0"/><counter type="BRANCH" missed="6" covered="0"/><counter type="LINE" missed="6" covered="0"/><counter type="COMPLEXITY" missed="4" covered="0"/><counter type="METHOD" missed="1" covered="0"/></method><method name="hasDescription" desc="()Z" line="1277"><counter type="INSTRUCTION" missed="11" covered="0"/><counter type="BRANCH" missed="4" covered="0"/><counter type="LINE" missed="1" covered="0"/><counter type="COMPLEXITY" missed="3" covered="0"/><counter type="METHOD" missed="1" covered="0"/></method><method name="setDescription" desc="(Lorg/hl7/fhir/r4/model/CodeableConcept;)Lorg/hl7/fhir/r4/model/PlanDefinition$PlanDefinitionGoalComponent;" line="1284"><counter type="INSTRUCTION" missed="5" covered="0"/><counter type="LINE" missed="2" covered="0"/><counter type="COMPLEXITY" missed="1" covered="0"/><counter type="METHOD" missed="1" covered="0"/></method><method name="getPriority" desc="()Lorg/hl7/fhir/r4/model/CodeableConcept;" line="1292"><counter type="INSTRUCTION" missed="20" covered="0"/><counter type="BRANCH" missed="6" covered="0"/><counter type="LINE" missed="6" covered="0"/><counter type="COMPLEXITY" missed="4" covered="0"/><counter type="METHOD" missed="1" covered="0"/></method><method name="hasPriority" desc="()Z" line="1301"><counter type="INSTRUCTION" missed="11" covered="0"/><counter type="BRANCH" missed="4" covered="0"/><counter type="LINE" missed="1" covered="0"/><counter type="COMPLEXITY" missed="3" covered="0"/><counter type="METHOD" missed="1" covered="0"/></method><method name="setPriority" desc="(Lorg/hl7/fhir/r4/model/CodeableConcept;)Lorg/hl7/fhir/r4/model/PlanDefinition$PlanDefinitionGoalComponent;" line="1308"><counter type="INSTRUCTION" missed="5" covered="0"/><counter type="LINE" missed="2" covered="0"/><counter type="COMPLEXITY" missed="1" covered="0"/><counter type="METHOD" missed="1" covered="0"/></method><method name="getStart" desc="()Lorg/hl7/fhir/r4/model/CodeableConcept;" line="1316"><counter type="INSTRUCTION" missed="20" covered="0"/><counter type="BRANCH" missed="6" covered="0"/><counter type="LINE" missed="6" covered="0"/><counter type="COMPLEXITY" missed="4" covered="0"/><counter type="METHOD" missed="1" covered="0"/></method><method name="hasStart" desc="()Z" line="1325"><counter type="INSTRUCTION" missed="11" covered="0"/><counter type="BRANCH" missed="4" covered="0"/><counter type="LINE" missed="1" covered="0"/><counter type="COMPLEXITY" missed="3" covered="0"/><counter type="METHOD" missed="1" covered="0"/></method><method name="setStart" desc="(Lorg/hl7/fhir/r4/model/CodeableConcept;)Lorg/hl7/fhir/r4/model/PlanDefinition$PlanDefinitionGoalComponent;" line="1332"><counter type="INSTRUCTION" missed="5" covered="0"/><counter type="LINE" missed="2" covered="0"/><counter type="COMPLEXITY" missed="1" covered="0"/><counter type="METHOD" missed="1" covered="0"/></method><method name="getAddresses" desc="()Ljava/util/List;" line="1340"><counter type="INSTRUCTION" missed="11" covered="0"/><counter type="BRANCH" missed="2" covered="0"/><counter type="LINE" missed="3" covered="0"/><counter type="COMPLEXITY" missed="2" covered="0"/><counter type="METHOD" missed="1" covered="0"/></method><method name="setAddresses" desc="(Ljava/util/List;)Lorg/hl7/fhir/r4/model/PlanDefinition$PlanDefinitionGoalComponent;" line="1349"><counter type="INSTRUCTION" missed="5" covered="0"/><counter type="LINE" missed="2" covered="0"/><counter type="COMPLEXITY" missed="1" covered="0"/><counter type="METHOD" missed="1" covered="0"/></method><method name="hasAddresses" desc="()Z" line="1354"><counter type="INSTRUCTION" missed=
[...]
i="0" mb="2" cb="0"/><line nr="6910" mi="14" ci="0" mb="2" cb="0"/><line nr="6911" mi="14" ci="0" mb="2" cb="0"/><line nr="6912" mi="14" ci="0" mb="2" cb="0"/><line nr="6913" mi="14" ci="0" mb="2" cb="0"/><line nr="6914" mi="14" ci="0" mb="2" cb="0"/><line nr="6915" mi="14" ci="0" mb="2" cb="0"/><line nr="6916" mi="14" ci="0" mb="2" cb="0"/><line nr="6917" mi="14" ci="0" mb="2" cb="0"/><line nr="6918" mi="15" ci="0" mb="2" cb="0"/><line nr="6919" mi="14" ci="0" mb="2" cb="0"/><line nr="6920" mi="15" ci="0" mb="2" cb="0"/><line nr="6921" mi="15" ci="0" mb="2" cb="0"/><line nr="6922" mi="14" ci="0" mb="2" cb="0"/><line nr="6923" mi="14" ci="0" mb="2" cb="0"/><line nr="6924" mi="14" ci="0" mb="2" cb="0"/><line nr="6925" mi="14" ci="0" mb="2" cb="0"/><line nr="6926" mi="14" ci="0" mb="2" cb="0"/><line nr="6927" mi="14" ci="0" mb="2" cb="0"/><line nr="6928" mi="15" ci="0" mb="2" cb="0"/><line nr="6929" mi="15" ci="0" mb="2" cb="0"/><line nr="6930" mi="15" ci="0" mb="2" cb="0"/><line nr="6931" mi="15" ci="0" mb="2" cb="0"/><line nr="6932" mi="15" ci="0" mb="2" cb="0"/><line nr="6933" mi="15" ci="0" mb="2" cb="0"/><line nr="6934" mi="15" ci="0" mb="2" cb="0"/><line nr="6935" mi="15" ci="0" mb="2" cb="0"/><line nr="6936" mi="15" ci="0" mb="2" cb="0"/><line nr="6937" mi="6" ci="0" mb="0" cb="0"/><line nr="6944" mi="2" ci="0" mb="32" cb="0"/><line nr="6946" mi="5" ci="0" mb="0" cb="0"/><line nr="6947" mi="2" ci="0" mb="0" cb="0"/><line nr="6949" mi="7" ci="0" mb="0" cb="0"/><line nr="6950" mi="2" ci="0" mb="0" cb="0"/><line nr="6952" mi="5" ci="0" mb="0" cb="0"/><line nr="6953" mi="2" ci="0" mb="0" cb="0"/><line nr="6955" mi="5" ci="0" mb="0" cb="0"/><line nr="6956" mi="2" ci="0" mb="0" cb="0"/><line nr="6958" mi="5" ci="0" mb="0" cb="0"/><line nr="6959" mi="2" ci="0" mb="0" cb="0"/><line nr="6961" mi="5" ci="0" mb="0" cb="0"/><line nr="6962" mi="2" ci="0" mb="0" cb="0"/><line nr="6964" mi="5" ci="0" mb="0" cb="0"/><line nr="6965" mi="2" ci="0" mb="0" cb="0"/><line nr="6967" mi="8" ci="0" mb="0" cb="0"/><line nr="6968" mi="4" ci="0" mb="0" cb="0"/><line nr="6969" mi="2" ci="0" mb="0" cb="0"/><line nr="6971" mi="5" ci="0" mb="0" cb="0"/><line nr="6972" mi="2" ci="0" mb="0" cb="0"/><line nr="6974" mi="5" ci="0" mb="0" cb="0"/><line nr="6975" mi="2" ci="0" mb="0" cb="0"/><line nr="6977" mi="5" ci="0" mb="0" cb="0"/><line nr="6978" mi="2" ci="0" mb="0" cb="0"/><line nr="6980" mi="5" ci="0" mb="0" cb="0"/><line nr="6981" mi="2" ci="0" mb="0" cb="0"/><line nr="6983" mi="7" ci="0" mb="0" cb="0"/><line nr="6984" mi="2" ci="0" mb="0" cb="0"/><line nr="6986" mi="5" ci="0" mb="0" cb="0"/><line nr="6987" mi="2" ci="0" mb="0" cb="0"/><line nr="6989" mi="7" ci="0" mb="0" cb="0"/><line nr="6990" mi="2" ci="0" mb="0" cb="0"/><line nr="6992" mi="7" ci="0" mb="0" cb="0"/><line nr="6993" mi="2" ci="0" mb="0" cb="0"/><line nr="6995" mi="5" ci="0" mb="0" cb="0"/><line nr="6996" mi="2" ci="0" mb="0" cb="0"/><line nr="6998" mi="5" ci="0" mb="0" cb="0"/><line nr="6999" mi="2" ci="0" mb="0" cb="0"/><line nr="7001" mi="5" ci="0" mb="0" cb="0"/><line nr="7002" mi="2" ci="0" mb="0" cb="0"/><line nr="7004" mi="5" ci="0" mb="0" cb="0"/><line nr="7005" mi="2" ci="0" mb="0" cb="0"/><line nr="7007" mi="5" ci="0" mb="0" cb="0"/><line nr="7008" mi="2" ci="0" mb="0" cb="0"/><line nr="7010" mi="5" ci="0" mb="0" cb="0"/><line nr="7011" mi="2" ci="0" mb="0" cb="0"/><line nr="7013" mi="7" ci="0" mb="0" cb="0"/><line nr="7014" mi="2" ci="0" mb="0" cb="0"/><line nr="7016" mi="7" ci="0" mb="0" cb="0"/><line nr="7017" mi="2" ci="0" mb="0" cb="0"/><line nr="7019" mi="7" ci="0" mb="0" cb="0"/><line nr="7020" mi="2" ci="0" mb="0" cb="0"/><line nr="7022" mi="7" ci="0" mb="0" cb="0"/><line nr="7023" mi="2" ci="0" mb="0" cb="0"/><line nr="7025" mi="7" ci="0" mb="0" cb="0"/><line nr="7026" mi="2" ci="0" mb="0" cb="0"/><line nr="7028" mi="7" ci="0" mb="0" cb="0"/><line nr="7029" mi="2" ci="0" mb="0" cb="0"/><line nr="7031" mi="7" ci="0" mb="0" cb="0"/><line nr="7032" mi="2" ci="0" mb="0" cb="0"/><line nr="7034" mi="6" ci="0" mb="0" cb="0"/><line nr="7035" mi="2" ci="0" mb="0" cb="0"/><line nr="7037" mi="6" ci="0" mb="0" cb="0"/><line nr="7038" mi="2" ci="0" mb="0" cb="0"/><line nr="7039" mi="6" ci="0" mb="0" cb="0"/><line nr="7046" mi="4" ci="0" mb="2" cb="0"/><line nr="7047" mi="6" ci="0" mb="0" cb="0"/><line nr="7048" mi="4" ci="0" mb="2" cb="0"/><line nr="7049" mi="8" ci="0" mb="0" cb="0"/><line nr="7050" mi="4" ci="0" mb="2" cb="0"/><line nr="7051" mi="6" ci="0" mb="0" cb="0"/><line nr="7052" mi="4" ci="0" mb="2" cb="0"/><line nr="7053" mi="6" ci="0" mb="0" cb="0"/><line nr="7054" mi="4" ci="0" mb="2" cb="0"/><line nr="7055" mi="6" ci="0" mb="0" cb="0"/><line nr="7056" mi="4" ci="0" mb="2" cb="0"/><line nr="7057" mi="6" ci="0" mb="0" cb="0"/><line nr="7058" mi="4" ci="0" mb="2" cb="0"/><line nr="7059" mi="6" ci="0" mb="0" cb="0"/><line nr="7060" mi="4" ci="0" mb="2" cb="0"/><line nr="7061" mi="8" ci="0" mb="0" cb="0"/><line nr="7062" mi="5" ci="0" mb="0" cb="0"/><line nr="7063" mi="4" ci="0" mb="2" cb="0"/><line nr="7064" mi="6" ci="0" mb="0" cb="0"/><line nr="7065" mi="4" ci="0" mb="2" cb="0"/><line nr="7066" mi="6" ci="0" mb="0" cb="0"/><line nr="7067" mi="4" ci="0" mb="2" cb="0"/><line nr="7068" mi="6" ci="0" mb="0" cb="0"/><line nr="7069" mi="4" ci="0" mb="2" cb="0"/><line nr="7070" mi="6" ci="0" mb="0" cb="0"/><line nr="7071" mi="4" ci="0" mb="2" cb="0"/><line nr="7072" mi="8" ci="0" mb="0" cb="0"/><line nr="7073" mi="4" ci="0" mb="2" cb="0"/><line nr="7074" mi="6" ci="0" mb="0" cb="0"/><line nr="7075" mi="4" ci="0" mb="2" cb="0"/><line nr="7076" mi="8" ci="0" mb="0" cb="0"/><line nr="7077" mi="4" ci="0" mb="2" cb="0"/><line nr="7078" mi="8" ci="0" mb="0" cb="0"/><line nr="7079" mi="4" ci="0" mb="2" cb="0"/><line nr="7080" mi="6" ci="0" mb="0" cb="0"/><line nr="7081" mi="4" ci="0" mb="2" cb="0"/><line nr="7082" mi="6" ci="0" mb="0" cb="0"/><line nr="7083" mi="4" ci="0" mb="2" cb="0"/><line nr="7084" mi="6" ci="0" mb="0" cb="0"/><line nr="7085" mi="4" ci="0" mb="2" cb="0"/><line nr="7086" mi="6" ci="0" mb="0" cb="0"/><line nr="7087" mi="4" ci="0" mb="2" cb="0"/><line nr="7088" mi="6" ci="0" mb="0" cb="0"/><line nr="7089" mi="4" ci="0" mb="2" cb="0"/><line nr="7090" mi="6" ci="0" mb="0" cb="0"/><line nr="7091" mi="4" ci="0" mb="2" cb="0"/><line nr="7092" mi="8" ci="0" mb="0" cb="0"/><line nr="7093" mi="4" ci="0" mb="2" cb="0"/><line nr="7094" mi="8" ci="0" mb="0" cb="0"/><line nr="7095" mi="4" ci="0" mb="2" cb="0"/><line nr="7096" mi="8" ci="0" mb="0" cb="0"/><line nr="7097" mi="4" ci="0" mb="2" cb="0"/><line nr="7098" mi="8" ci="0" mb="0" cb="0"/><line nr="7099" mi="4" ci="0" mb="2" cb="0"/><line nr="7100" mi="8" ci="0" mb="0" cb="0"/><line nr="7101" mi="4" ci="0" mb="2" cb="0"/><line nr="7102" mi="8" ci="0" mb="0" cb="0"/><line nr="7103" mi="4" ci="0" mb="2" cb="0"/><line nr="7104" mi="8" ci="0" mb="0" cb="0"/><line nr="7105" mi="4" ci="0" mb="2" cb="0"/><line nr="7106" mi="7" ci="0" mb="0" cb="0"/><line nr="7107" mi="4" ci="0" mb="2" cb="0"/><line nr="7108" mi="7" ci="0" mb="0" cb="0"/><line nr="7110" mi="5" ci="0" mb="0" cb="0"/><line nr="7111" mi="2" ci="0" mb="0" cb="0"/><line nr="7116" mi="2" ci="0" mb="33" cb="0"/><line nr="7117" mi="3" ci="0" mb="0" cb="0"/><line nr="7118" mi="3" ci="0" mb="0" cb="0"/><line nr="7119" mi="3" ci="0" mb="0" cb="0"/><line nr="7120" mi="3" ci="0" mb="0" cb="0"/><line nr="7121" mi="3" ci="0" mb="0" cb="0"/><line nr="7122" mi="3" ci="0" mb="0" cb="0"/><line nr="7123" mi="3" ci="0" mb="0" cb="0"/><line nr="7124" mi="3" ci="0" mb="0" cb="0"/><line nr="7125" mi="3" ci="0" mb="0" cb="0"/><line nr="7126" mi="3" ci="0" mb="0" cb="0"/><line nr="7127" mi="3" ci="0" mb="0" cb="0"/><line nr="7128" mi="3" ci="0" mb="0" cb="0"/><line nr="7129" mi="3" ci="0" mb="0" cb="0"/><line nr="7130" mi="3" ci="0" mb="0" cb="0"/><line nr="7131" mi="3" ci="0" mb="0" cb="0"/><line nr="7132" mi="3" ci="0" mb="0" cb="0"/><line nr="7133" mi="3" ci="0" mb="0" cb="0"/><line nr="7134" mi="3" ci="0" mb="0" cb="0"/><line nr="7135" mi="3" ci="0" mb="0" cb="0"/><line nr="7136" mi="3" ci="0" mb="0" cb="0"/><line nr="7137" mi="3" ci="0" mb="0" cb="0"/><line nr="7138" mi="3" ci="0" mb="0" cb="0"/><line nr="7139" mi="3" ci="0" mb="0" cb="0"/><line nr="7140" mi="3" ci="0" mb="0" cb="0"/><line nr="7141" mi="3" ci="0" mb="0" cb="0"/><line nr="7142" mi="3" ci="0" mb="0" cb="0"/><line nr="7143" mi="3" ci="0" mb="0" cb="0"/><line nr="7144" mi="3" ci="0" mb="0" cb="0"/><line nr="7145" mi="3" ci="0" mb="0" cb="0"/><line nr="7146" mi="3" ci="0" mb="0" cb="0"/><line nr="7147" mi="3" ci="0" mb="0" cb="0"/><line nr="7148" mi="3" ci="0" mb="0" cb="0"/><line nr="7149" mi="5" ci="0" mb="0" cb="0"/><line nr="7156" mi="2" ci="0" mb="32" cb="0"/><line nr="7157" mi="7" ci="0" mb="0" cb="0"/><line nr="7158" mi="7" ci="0" mb="0" cb="0"/><line nr="7159" mi="7" ci="0" mb="0" cb="0"/><line nr="7160" mi="7" ci="0" mb="0" cb="0"/><line nr="7161" mi="7" ci="0" mb="0" cb="0"/><line nr="7162" mi="7" ci="0" mb="0" cb="0"/><line nr="7163" mi="7" ci="0" mb="0" cb="0"/><line nr="7164" mi="7" ci="0" mb="0" cb="0"/><line nr="7165" mi="7" ci="0" mb="0" cb="0"/><line nr="7166" mi="11" ci="0" mb="0" cb="0"/><line nr="7167" mi="7" ci="0" mb="0" cb="0"/><line nr="7168" mi="7" ci="0" mb="0" cb="0"/><line nr="7169" mi="7" ci="0" mb="0" cb="0"/><line nr="7170" mi="7" ci="0" mb="0" cb="0"/><line nr="7171" mi="7" ci="0" mb="0" cb="0"/><line nr="7172" mi="7" ci="0" mb="0" cb="0"/><line nr="7173" mi="7" ci="0" mb="0" cb="0"/><line nr="7174" mi="7" ci="0" mb="0" cb="0"/><line nr="7175" mi="7" ci="0" mb="0" cb="0"/><line nr="7176" mi="7" ci="0" mb="0" cb="0"/><line nr="7177" mi="7" ci="0" mb="0" cb="0"/><line nr="7178" mi="7" ci="0" mb="0" cb="0"/><line nr="7179" mi="7" ci="0" mb="0" cb="0"/><line nr="7180" mi="7" ci="0" mb="0" cb="0"/><line nr="7181" mi="7" ci="0" mb="0" cb="0"/><line nr="7182" mi="7" ci="0" mb="0" cb="0"/><line nr="7183" mi="7" ci="0" mb="0" cb="0"/><line nr="7184" mi="7" ci="0" mb="0" cb="0"/><line nr="7185" mi="7" ci="0" mb="0" cb="0"/><line nr="7186" mi="3" ci="0" mb="0" cb="0"/><line nr="7187" mi="3" ci="0" mb="0" cb="0"/><line nr="7188" mi="5" ci="0" mb="0" cb="0"/><line nr="7195" mi="4" ci="0" mb="2" cb="0"/><line nr="7196" mi="5" ci="0" mb="0" cb="0"/><line nr="7198" mi="4" ci="0" mb="2" cb="0"/><line nr="7199" mi="3" ci="0" mb="0" cb="0"/><line nr="7201" mi="4" ci="0" mb="2" cb="0"/><line nr="7202" mi="5" ci="0" mb="0" cb="0"/><line nr="7204" mi="4" ci="0" mb="2" cb="0"/><line nr="7205" mi="5" ci="0" mb="0" cb="0"/><line nr="7207" mi="4" ci="0" mb="2" cb="0"/><line nr="7208" mi="5" ci="0" mb="0" cb="0"/><line nr="7210" mi="4" ci="0" mb="2" cb="0"/><line nr="7211" mi="5" ci="0" mb="0" cb="0"/><line nr="7213" mi="4" ci="0" mb="2" cb="0"/><line nr="7214" mi="5" ci="0" mb="0" cb="0"/><line nr="7215" mi="3" ci="0" mb="0" cb="0"/><line nr="7217" mi="4" ci="0" mb="2" cb="0"/><line nr="7218" mi="5" ci="0" mb="0" cb="0"/><line nr="7220" mi="4" ci="0" mb="2" cb="0"/><line nr="7221" mi="5" ci="0" mb="0" cb="0"/><line nr="7223" mi="4" ci="0" mb="2" cb="0"/><line nr="7224" mi="5" ci="0" mb="0" cb="0"/><line nr="7225" mi="3" ci="0" mb="0" cb="0"/><line nr="7227" mi="4" ci="0" mb="2" cb="0"/><line nr="7228" mi="5" ci="0" mb="0" cb="0"/><line nr="7229" mi="3" ci="0" mb="0" cb="0"/><line nr="7231" mi="4" ci="0" mb="2" cb="0"/><line nr="7232" mi="5" ci="0" mb="0" cb="0"/><line nr="7234" mi="4" ci="0" mb="2" cb="0"/><line nr="7235" mi="5" ci="0" mb="0" cb="0"/><line nr="7237" mi="4" ci="0" mb="2" cb="0"/><line nr="7238" mi="3" ci="0" mb="0" cb="0"/><line nr="7240" mi="4" ci="0" mb="2" cb="0"/><line nr="7241" mi="5" ci="0" mb="0" cb="0"/><line nr="7243" mi="4" ci="0" mb="2" cb="0"/><line nr="7244" mi="3" ci="0" mb="0" cb="0"/><line nr="7246" mi="4" ci="0" mb="2" cb="0"/><line nr="7247" mi="3" ci="0" mb="0" cb="0"/><line nr="7249" mi="4" ci="0" mb="2" cb="0"/><line nr="7250" mi="5" ci="0" mb="0" cb="0"/><line nr="7252" mi="4" ci="0" mb="2" cb="0"/><line nr="7253" mi="5" ci="0" mb="0" cb="0"/><line nr="7255" mi="4" ci="0" mb="2" cb="0"/><line nr="7256" mi="5" ci="0" mb="0" cb="0"/><line nr="7258" mi="4" ci="0" mb="2" cb="0"/><line nr="7259" mi="5" ci="0" mb="0" cb="0"/><line nr="7261" mi="4" ci="0" mb="2" cb="0"/><line nr="7262" mi="5" ci="0" mb="0" cb="0"/><line nr="7264" mi="4" ci="0" mb="2" cb="0"/><line nr="7265" mi="5" ci="0" mb="0" cb="0"/><line nr="7266" mi="3" ci="0" mb="0" cb="0"/><line nr="7268" mi="4" ci="0" mb="2" cb="0"/><line nr="7269" mi="3" ci="0" mb="0" cb="0"/><line nr="7271" mi="4" ci="0" mb="2" cb="0"/><line nr="7272" mi="3" ci="0" mb="0" cb="0"/><line nr="7274" mi="4" ci="0" mb="2" cb="0"/><line nr="7275" mi="3" ci="0" mb="0" cb="0"/><line nr="7277" mi="4" ci="0" mb="2" cb="0"/><line nr="7278" mi="3" ci="0" mb="0" cb="0"/><line nr="7280" mi="4" ci="0" mb="2" cb="0"/><line nr="7281" mi="3" ci="0" mb="0" cb="0"/><line nr="7283" mi="4" ci="0" mb="2" cb="0"/><line nr="7284" mi="3" ci="0" mb="0" cb="0"/><line nr="7286" mi="4" ci="0" mb="2" cb="0"/><line nr="7287" mi="5" ci="0" mb="0" cb="0"/><line nr="7289" mi="4" ci="0" mb="2" cb="0"/><line nr="7290" mi="3" ci="0" mb="0" cb="0"/><line nr="7292" mi="4" ci="0" mb="2" cb="0"/><line nr="7293" mi="3" ci="0" mb="0" cb="0"/><line nr="7296" mi="4" ci="0" mb="0" cb="0"/><line nr="7300" mi="2" ci="0" mb="0" cb="0"/><line nr="7305" mi="4" ci="0" mb="0" cb="0"/><line nr="7306" mi="3" ci="0" mb="0" cb="0"/><line nr="7307" mi="10" ci="0" mb="2" cb="0"/><line nr="7308" mi="3" ci="0" mb="2" cb="0"/><line nr="7309" mi="5" ci="0" mb="0" cb="0"/><line nr="7310" mi="11" ci="0" mb="2" cb="0"/><line nr="7311" mi="7" ci="0" mb="0" cb="0"/><line nr="7313" mi="10" ci="0" mb="2" cb="0"/><line nr="7314" mi="10" ci="0" mb="2" cb="0"/><line nr="7315" mi="10" ci="0" mb="2" cb="0"/><line nr="7316" mi="10" ci="0" mb="2" cb="0"/><line nr="7317" mi="10" ci="0" mb="2" cb="0"/><line nr="7318" mi="10" ci="0" mb="2" cb="0"/><line nr="7319" mi="10" ci="0" mb="2" cb="0"/><line nr="7320" mi="10" ci="0" mb="2" cb="0"/><line nr="7321" mi="10" ci="0" mb="2" cb="0"/><line nr="7322" mi="10" ci="0" mb="2" cb="0"/><line nr="7323" mi="3" ci="0" mb="2" cb="0"/><line nr="7324" mi="5" ci="0" mb="0" cb="0"/><line nr="7325" mi="11" ci="0" mb="2" cb="0"/><line nr="7326" mi="7" ci="0" mb="0" cb="0"/><line nr="7328" mi="10" ci="0" mb="2" cb="0"/><line nr="7329" mi="3" ci="0" mb="2" cb="0"/><line nr="7330" mi="5" ci="0" mb="0" cb="0"/><line nr="7331" mi="11" ci="0" mb="2" cb="0"/><line nr="7332" mi="7" ci="0" mb="0" cb="0"/><line nr="7334" mi="3" ci="0" mb="2" cb="0"/><line nr="7335" mi="5" ci="0" mb="0" cb="0"/><line nr="7336" mi="11" ci="0" mb="2" cb="0"/><line nr="7337" mi="7" ci="0" mb="0" cb="0"/><line nr="7339" mi="10" ci="0" mb="2" cb="0"/><line nr="7340" mi="10" ci="0" mb="2" cb="0"/><line nr="7341" mi="10" ci="0" mb="2" cb="0"/><line nr="7342" mi="10" ci="0" mb="2" cb="0"/><line nr="7343" mi="10" ci="0" mb="2" cb="0"/><line nr="7344" mi="10" ci="0" mb="2" cb="0"/><line nr="7345" mi="3" ci="0" mb="2" cb="0"/><line nr="7346" mi="5" ci="0" mb="0" cb="0"/><line nr="7347" mi="11" ci="0" mb="2" cb="0"/><line nr="7348" mi="7" ci="0" mb="0" cb="0"/><line nr="7350" mi="3" ci="0" mb="2" cb="0"/><line nr="7351" mi="5" ci="0" mb="0" cb="0"/><line nr="7352" mi="11" ci="0" mb="2" cb="0"/><line nr="7353" mi="7" ci="0" mb="0" cb="0"/><line nr="7355" mi="3" ci="0" mb="2" cb="0"/><line nr="7356" mi="5" ci="0" mb="0" cb="0"/><line nr="7357" mi="11" ci="0" mb="2" cb="0"/><line nr="7358" mi="7" ci="0" mb="0" cb="0"/><line nr="7360" mi="3" ci="0" mb="2" cb="0"/><line nr="7361" mi="5" ci="0" mb="0" cb="0"/><line nr="7362" mi="11" ci="0" mb="2" cb="0"/><line nr="7363" mi="7" ci="0" mb="0" cb="0"/><line nr="7365" mi="3" ci="0" mb="2" cb="0"/><line nr="7366" mi="5" ci="0" mb="0" cb="0"/><line nr="7367" mi="11" ci="0" mb="2" cb="0"/><line nr="7368" mi="7" ci="0" mb="0" cb="0"/><line nr="7370" mi="3" ci="0" mb="2" cb="0"/><line nr="7371" mi="5" ci="0" mb="0" cb="0"/><line nr="7372" mi="11" ci="0" mb="2" cb="0"/><line nr="7373" mi="7" ci="0" mb="0" cb="0"/><line nr="7375" mi="3" ci="0" mb="2" cb="0"/><line nr="7376" mi="5" ci="0" mb="0" cb="0"/><line nr="7377" mi="11" ci="0" mb="2" cb="0"/><line nr="7378" mi="7" ci="0" mb="0" cb="0"/><line nr="7380" mi="3" ci="0" mb="2" cb="0"/><line nr="7381" mi="5" ci="0" mb="0" cb="0"/><line nr="7382" mi="11" ci="0" mb="2" cb="0"/><line nr="7383" mi="7" ci="0" mb="0" cb="0"/><line nr="7385" mi="3" ci="0" mb="2" cb="0"/><line nr="7386" mi="5" ci="0" mb="0" cb="0"/><line nr="7387" mi="11" ci="0" mb="2" cb="0"/><line nr="7388" mi="7" ci="0" mb="0" cb="0"/><line nr="7390" mi="2" ci="0" mb="0" cb="0"/><line nr="7394" mi="3" ci="0" mb="0" cb="0"/><line nr="7399" mi="4" ci="0" mb="2" cb="0"/><line nr="7400" mi="2" ci="0" mb="0" cb="0"/><line nr="7401" mi="3" ci="0" mb="2" cb="0"/><line nr="7402" mi="2" ci="0" mb="0" cb="0"/><line nr="7403" mi="3" ci="0" mb="0" cb="0"/><line nr="7404" mi="27" ci="0" mb="6" cb="0"/><line nr="7405" mi="21" ci="0" mb="6" cb="0"/><line nr="7406" mi="14" ci="0" mb="4" cb="0"/><line nr="7407" mi="14" ci="0" mb="4" cb="0"/><line nr="7408" mi="21" ci="0" mb="6" cb="0"/><line nr="7409" mi="21" ci="0" mb="6" cb="0"/><line nr="7410" mi="19" ci="0" mb="6" cb="0"/><line nr="7416" mi="4" ci="0" mb="2" cb="0"/><line nr="7417" mi="2" ci="0" mb="0" cb="0"/><line nr="7418" mi="3" ci="0" mb="2" cb="0"/><line nr="7419" mi="2" ci="0" mb="0" cb="0"/><line nr="7420" mi="3" ci="0" mb="0" cb="0"/><line nr="7421" mi="27" ci="0" mb="6" cb="0"/><line nr="7422" mi="14" ci="0" mb="4" cb="0"/><line nr="7423" mi="5" ci="0" mb="2" cb="0"/><line nr="7427" mi="106" ci="0" mb="4" cb="0"/><line nr="7435" mi="2" ci="0" mb="0" cb="0"/><line nr="7456" mi="0" ci="5" mb="0" cb="0"/><line nr="7476" mi="0" ci="5" mb="0" cb="0"/><line nr="7496" mi="0" ci="5" mb="0" cb="0"/><line nr="7502" mi="0" ci="6" mb="0" cb="0"/><line nr="7522" mi="0" ci="5" mb="0" cb="0"/><line nr="7542" mi="0" ci="5" mb="0" cb="0"/><line nr="7562" mi="0" ci="5" mb="0" cb="0"/><line nr="7582" mi="0" ci="5" mb="0" cb="0"/><line nr="7588" mi="0" ci="6" mb="0" cb="0"/><line nr="7608" mi="0" ci="5" mb="0" cb="0"/><line nr="7628" mi="0" ci="5" mb="0" cb="0"/><line nr="7634" mi="0" ci="6" mb="0" cb="0"/><line nr="7654" mi="0" ci="5" mb="0" cb="0"/><line nr="7674" mi="0" ci="5" mb="0" cb="0"/><line nr="7680" mi="0" ci="6" mb="0" cb="0"/><line nr="7700" mi="0" ci="5" mb="0" cb="0"/><line nr="7720" mi="0" ci="5" mb="0" cb="0"/><line nr="7740" mi="0" ci="5" mb="0" cb="0"/><line nr="7760" mi="0" ci="5" mb="0" cb="0"/><line nr="7780" mi="0" ci="5" mb="0" cb="0"/><line nr="7800" mi="0" ci="5" mb="0" cb="0"/><line nr="7806" mi="0" ci="6" mb="0" cb="0"/><line nr="7826" mi="0" ci="5" mb="0" cb="0"/><line nr="7846" mi="0" ci="5" mb="0" cb="0"/><line nr="7866" mi="0" ci="5" mb="0" cb="0"/><line nr="7886" mi="0" ci="5" mb="0" cb="0"/><line nr="7906" mi="0" ci="5" mb="0" cb="0"/><line nr="7912" mi="0" ci="6" mb="0" cb="0"/><line nr="7932" mi="0" ci="5" mb="0" cb="0"/><line nr="7952" mi="0" ci="6" mb="0" cb="0"/><counter type="INSTRUCTION" missed="18272" covered="160"/><counter type="BRANCH" missed="3453" covered="0"/><counter type="LINE" missed="3600" covered="32"/><counter type="COMPLEXITY" missed="2618" covered="2"/><counter type="METHOD" missed="653" covered="2"/><counter type="CLASS" missed="25" covered="1"/></sourcefile><counter type="INSTRUCTION" missed="18272" covered="160"/><counter type="BRANCH" missed="3453" covered="0"/><counter type="LINE" missed="3600" covered="32"/><counter type="COMPLEXITY" missed="2618" covered="2"/><counter type="METHOD" missed="653" covered="2"/><counter type="CLASS" missed="25" covered="1"/></package><counter type="INSTRUCTION" missed="18945" covered="1557"/><counter type="BRANCH" missed="3540" covered="79"/><counter type="LINE" missed="3762" covered="394"/><counter type="COMPLEXITY" missed="2714" covered="110"/><counter type="METHOD" missed="673" covered="103"/><counter type="CLASS" missed="28" covered="10"/></report>