GROUP,PACKAGE,CLASS,INSTRUCTION_MISSED,INSTRUCTION_COVERED,BRANCH_MISSED,BRANCH_COVERED,LINE_MISSED,LINE_COVERED,COMPLEXITY_MISSED,COMPLEXITY_COVERED,METHOD_MISSED,METHOD_COVERED
hapi-fhir/transformation,science.aist.msbpmn.service.transformation.impl.renderer.backboneprocessors,PlanDefinitionBackboneGraphParticipantsProcessor,10,161,3,15,0,32,3,13,0,7
hapi-fhir/transformation,science.aist.msbpmn.service.transformation.impl.renderer.backboneprocessors,PlanDefinitionBackboneGraphTriggerProcessor,1,86,1,3,0,21,1,6,0,5
hapi-fhir/transformation,science.aist.msbpmn.service.transformation.impl.renderer.backboneprocessors,PlanDefinitionBackboneGraphVerticesProcessor,14,255,6,20,2,45,6,12,0,5
hapi-fhir/transformation,science.aist.msbpmn.service.transformation.impl.renderer.backboneprocessors,MultiPlanDefinitionBackboneGraphComponentProcessor,0,20,0,0,0,3,0,3,0,3
hapi-fhir/transformation,science.aist.msbpmn.service.transformation.impl.renderer.backboneprocessors,PlanDefinitionBackboneGraphStartAndEndProcessor,15,205,3,11,0,36,3,9,0,5
hapi-fhir/transformation,science.aist.msbpmn.service.transformation.helper,PlanDefinitionActionDataComponent,5,7,0,0,1,3,1,1,1,1
hapi-fhir/transformation,science.aist.msbpmn.service.transformation.helper,BackboneIdProvider,5,7,0,0,1,3,1,1,1,1
hapi-fhir/transformation,science.aist.msbpmn.service.transformation.helper,IdProvider,0,7,0,0,0,3,0,1,0,1
hapi-fhir/transformation,science.aist.msbpmn.service.transformation.impl.traversal,FhirGraphTraversalStrategy,28,260,2,16,5,55,4,18,2,11
hapi-fhir/transformation,science.aist.msbpmn.service.transformation.impl.renderer.condition,TimedEventCondition,0,28,0,2,0,4,0,5,0,4
hapi-fhir/transformation,science.aist.msbpmn.service.transformation.impl.renderer.condition,TimedStartEventCondition,0,17,0,0,0,2,0,2,0,2
hapi-fhir/transformation,science.aist.msbpmn.service.transformation.impl.renderer.condition,SubprocessCondition,0,14,0,0,0,4,0,3,0,3
hapi-fhir/transformation,science.aist.msbpmn.service.transformation.impl.renderer.condition,EndEventCondition,0,20,0,0,0,4,0,4,0,4
hapi-fhir/transformation,science.aist.msbpmn.service.transformation.impl.renderer.condition,ConditionalEventCondition,0,28,0,2,0,4,0,5,0,4
hapi-fhir/transformation,science.aist.msbpmn.service.transformation.impl.renderer.condition,SequenceFlowRendererCondition,1,28,1,1,0,6,1,4,0,4
hapi-fhir/transformation,science.aist.msbpmn.service.transformation.impl.renderer.condition,StartEventCondition,0,20,0,0,0,4,0,4,0,4
hapi-fhir/transformation,science.aist.msbpmn.service.transformation.impl.renderer.condition,ExclusiveGatewayCondition,0,76,1,15,0,13,1,11,0,4
hapi-fhir/transformation,science.aist.msbpmn.service.transformation.impl.renderer.condition,ParallelGatewayCondition,0,62,1,11,0,12,1,9,0,4
hapi-fhir/transformation,science.aist.msbpmn.service.transformation.impl.renderer.condition,UserTaskCondition,0,40,0,4,0,8,0,7,0,5
hapi-fhir/transformation,science.aist.msbpmn.service.transformation.impl.renderer.condition,PlanDefinitionActionStartEventCondition,0,28,0,0,0,9,0,4,0,4
hapi-fhir/transformation,science.aist.msbpmn.service.transformation.impl.renderer.condition,PlanDefinitionActionEndEventCondition,0,16,0,2,0,4,0,4,0,3
hapi-fhir/transformation,science.aist.msbpmn.service.transformation.impl.renderer.condition,StartConditionalEventCondition,0,17,0,0,0,2,0,2,0,2
hapi-fhir/transformation,science.aist.msbpmn.service.configuration,TransformationConfiguration,0,150,0,0,0,17,0,19,0,19
hapi-fhir/transformation,science.aist.msbpmn.service.transformation.renderer,AbstractBpmnEventDefinitionTransformationRenderer,0,30,0,0,0,5,0,4,0,4
hapi-fhir/transformation,science.aist.msbpmn.service.transformation.renderer,AbstractTFlowNodeBpmnGraphTransformationRenderer,10,83,3,9,0,13,3,5,0,2
hapi-fhir/transformation,science.aist.msbpmn.service.transformation.renderer,MultiConditionalGraphTransformationRenderer,15,41,0,0,2,9,3,5,3,5
hapi-fhir/transformation,science.aist.msbpmn.service.transformation.renderer,AbstractBpmnGraphTransformationRenderer,10,29,2,2,0,8,2,2,0,2
hapi-fhir/transformation,science.aist.msbpmn.service.transformation.renderer,AbstractTActivityBpmnGraphTransformationRenderer,10,136,3,9,0,25,3,5,0,2
hapi-fhir/transformation,science.aist.msbpmn.service.transformation.renderer,AbstractConditionalGraphTransformationRenderer,3,25,0,2,1,3,1,3,1,2
hapi-fhir/transformation,science.aist.msbpmn.service.impl,DefaultGraphBasedModelTransformationServiceImpl,5,19,0,0,1,3,1,2,1,2
hapi-fhir/transformation,science.aist.msbpmn.service.transformation.impl,BpmnDocumentRootToStringTransformer,8,34,1,1,1,7,1,2,0,2
hapi-fhir/transformation,science.aist.msbpmn.service.transformation.impl,EdgeType,0,54,0,0,0,2,0,1,0,1
hapi-fhir/transformation,science.aist.msbpmn.service.transformation.impl,PlanDefinitionToGraphTransformer,8,57,1,3,1,10,1,4,0,3
hapi-fhir/transformation,science.aist.msbpmn.service.transformation.impl,BpmnGraphTransformer,0,126,0,0,0,18,0,6,0,6
hapi-fhir/transformation,ca.uhn.fhir.util,XmlUtil.MyEscaper.new Writer() {...},8,54,1,7,4,13,3,5,2,2
hapi-fhir/transformation,ca.uhn.fhir.util,XmlUtil,192,8909,18,26,64,1533,19,20,5,12
hapi-fhir/transformation,ca.uhn.fhir.util,XmlUtil.MyEscaper,9,9,0,0,1,2,1,2,1,2
hapi-fhir/transformation,ca.uhn.fhir.util,XmlUtil.ExtendedEntityReplacingXmlResolver,22,0,8,0,4,0,5,0,1,0
hapi-fhir/transformation,science.aist.msbpmn.service.transformation,TransformationConstants,0,2,0,0,0,1,0,1,0,1
hapi-fhir/transformation,science.aist.msbpmn.service.transformation,BpmnEventTypes,6,53,0,2,0,7,1,5,1,4
hapi-fhir/transformation,org.hl7.fhir.r4.model,PlanDefinition.RequestPriority,156,0,34,0,43,0,29,0,6,0
hapi-fhir/transformation,org.hl7.fhir.r4.model,PlanDefinition.RequestPriorityEnumFactory,142,0,40,0,39,0,25,0,5,0
hapi-fhir/transformation,org.hl7.fhir.r4.model,PlanDefinition.ActionGroupingBehavior,88,44,28,0,31,5,23,1,5,1
hapi-fhir/transformation,org.hl7.fhir.r4.model,PlanDefinitionActionIRelatedActionIOComponent,21,3,2,0,5,1,3,1,2,1
hapi-fhir/transformation,org.hl7.fhir.r4.model,PlanDefinition.PlanDefinitionActionConditionComponent,409,37,69,6,80,8,60,4,21,3
hapi-fhir/transformation,org.hl7.fhir.r4.model,PlanDefinitionActionOComponent,116,35,23,3,27,7,21,2,8,2
hapi-fhir/transformation,org.hl7.fhir.r4.model,PlanDefinition.ActionSelectionBehaviorEnumFactory,128,56,36,16,33,18,24,7,2,3
hapi-fhir/transformation,org.hl7.fhir.r4.model,PlanDefinitionActionIComponent,70,81,17,9,15,19,17,6,5,5
hapi-fhir/transformation,org.hl7.fhir.r4.model,PlanDefinition,5872,241,1060,12,1088,52,806,12,197,8
hapi-fhir/transformation,org.hl7.fhir.r4.model,PlanDefinition.PlanDefinitionActionDynamicValueComponent,427,0,77,0,85,0,64,0,23,0
hapi-fhir/transformation,org.hl7.fhir.r4.model,PlanDefinition.ActionParticipantTypeEnumFactory,121,21,35,5,33,6,22,3,3,2
hapi-fhir/transformation,org.hl7.fhir.r4.model,PlanDefinition.ActionConditionKind,88,44,28,0,31,5,23,1,5,1
hapi-fhir/transformation,org.hl7.fhir.r4.model,PlanDefinitionActorComponent,262,28,43,3,56,6,40,4,18,3
hapi-fhir/transformation,org.hl7.fhir.r4.model,PlanDefinitionActionORelatedActionIOComponent,21,3,2,0,5,1,3,1,2,1
hapi-fhir/transformation,org.hl7.fhir.r4.model,PlanDefinition.ActionSelectionBehavior,130,74,46,0,49,8,38,1,5,1
hapi-fhir/transformation,org.hl7.fhir.r4.model,PlanDefinition.ActionPrecheckBehavior,74,34,22,0,25,4,18,1,5,1
hapi-fhir/transformation,org.hl7.fhir.r4.model,PlanDefinition.ActionGroupingBehaviorEnumFactory,90,31,26,8,23,10,17,5,2,3
hapi-fhir/transformation,org.hl7.fhir.r4.model,PlanDefinition.ActionRequiredBehavior,88,44,28,0,31,5,23,1,5,1
hapi-fhir/transformation,org.hl7.fhir.r4.model,PlanDefinition.PlanDefinitionGoalComponent,1270,0,216,0,247,0,168,0,45,0
hapi-fhir/transformation,org.hl7.fhir.r4.model,PlanDefinition.ActionRelationshipTypeEnumFactory,209,38,60,10,57,12,35,5,2,3
hapi-fhir/transformation,org.hl7.fhir.r4.model,PlanDefinition.PlanDefinitionActionParticipantComponent,96,58,32,6,19,12,26,5,7,5
hapi-fhir/transformation,org.hl7.fhir.r4.model,PlanDefinition.PlanDefinitionActionRelatedActionComponent,648,99,124,10,115,18,100,8,28,6
hapi-fhir/transformation,org.hl7.fhir.r4.model,PlanDefinition.PlanDefinitionActionComponent,5126,765,935,113,879,165,710,71,149,35
hapi-fhir/transformation,org.hl7.fhir.r4.model,PlanDefinitionActionIOComponent,253,48,41,7,47,13,42,7,20,5
hapi-fhir/transformation,org.hl7.fhir.r4.model,PlanDefinitionActorOptionsComponent,314,3,56,0,63,2,46,1,18,1
hapi-fhir/transformation,org.hl7.fhir.r4.model,PlanDefinition.ActionCardinalityBehavior,108,0,22,0,29,0,19,0,6,0
hapi-fhir/transformation,org.hl7.fhir.r4.model,PlanDefinition.ActionCardinalityBehaviorEnumFactory,100,0,28,0,27,0,19,0,5,0
hapi-fhir/transformation,org.hl7.fhir.r4.model,PlanDefinition.ActionRelationshipType,172,104,64,0,67,11,53,1,5,1
hapi-fhir/transformation,org.hl7.fhir.r4.model,PlanDefinition.ActionPrecheckBehaviorEnumFactory,81,19,24,4,22,5,17,2,3,2
hapi-fhir/transformation,org.hl7.fhir.r4.model,PlanDefinition.ActionRequiredBehaviorEnumFactory,102,19,30,4,28,5,20,2,3,2
hapi-fhir/transformation,org.hl7.fhir.r4.model,PlanDefinition.PlanDefinitionGoalTargetComponent,702,0,127,0,126,0,100,0,29,0
hapi-fhir/transformation,org.hl7.fhir.r4.model,PlanDefinition.ActionConditionKindEnumFactory,106,15,31,3,29,4,20,2,3,2
hapi-fhir/transformation,org.hl7.fhir.r4.model,PlanDefinition.ActionParticipantType,102,54,34,0,37,6,28,1,5,1
hapi-fhir/transformation,org.hl7.fhir.r4.model,PlanDefinitionActionIORelatedActionIOComponent,170,39,28,4,39,8,32,4,16,4
hapi-fhir/transformation,science.aist.msbpmn.service.transformation.impl.renderer,BpmnSequenceFlowTransformationRenderer,1,166,1,15,0,28,1,13,0,6
hapi-fhir/transformation,science.aist.msbpmn.service.transformation.impl.renderer,BpmnEventStartEventTransformationRenderer,0,29,1,1,0,8,1,2,0,2
hapi-fhir/transformation,science.aist.msbpmn.service.transformation.impl.renderer,BpmnIntermediateCatchEventTransformationRenderer,0,47,1,3,0,9,1,6,0,5
hapi-fhir/transformation,science.aist.msbpmn.service.transformation.impl.renderer,PlanDefinitionBackboneGraphRenderer,4,93,0,0,1,14,1,7,1,7
hapi-fhir/transformation,science.aist.msbpmn.service.transformation.impl.renderer,BpmnStartEventTransformerRenderer,0,46,1,3,0,10,1,6,0,5
hapi-fhir/transformation,science.aist.msbpmn.service.transformation.impl.renderer,BpmnEndEventTransformerRenderer,0,38,1,3,0,8,1,6,0,5
hapi-fhir/transformation,science.aist.msbpmn.service.transformation.impl.renderer,BpmnSubprocessTransformationRenderer,0,92,1,3,0,14,1,8,0,7
hapi-fhir/transformation,science.aist.msbpmn.service.transformation.impl.renderer,PlanDefinitionDataElementsRenderer,0,177,0,12,0,36,0,15,0,9
hapi-fhir/transformation,science.aist.msbpmn.service.transformation.impl.renderer,BpmnParallelGatewayTransformerRenderer,0,26,1,3,0,5,1,5,0,4
hapi-fhir/transformation,science.aist.msbpmn.service.transformation.impl.renderer,BpmnLaneTransformationRenderer,0,62,0,0,0,16,0,4,0,4
hapi-fhir/transformation,science.aist.msbpmn.service.transformation.impl.renderer,BpmnConditionalEventDefinitionTransformationRenderer,0,57,2,2,0,14,2,4,0,4
hapi-fhir/transformation,science.aist.msbpmn.service.transformation.impl.renderer,BpmnUserTaskTransformerRenderer,0,26,1,3,0,5,1,5,0,4
hapi-fhir/transformation,science.aist.msbpmn.service.transformation.impl.renderer,BpmnDataObjectTransformerRenderer,4,26,1,3,0,5,3,5,2,4
hapi-fhir/transformation,science.aist.msbpmn.service.transformation.impl.renderer,BpmnExclusiveGatewayTransformerRenderer,0,26,1,3,0,5,1,5,0,4
hapi-fhir/transformation,science.aist.msbpmn.service.transformation.impl.renderer,BpmnTTimerEventDefinitionTransformerRenderer,1,211,6,16,0,43,6,16,0,11
hapi-fhir/transformation,science.aist.msbpmn.service.transformation.impl.renderer,BpmnDataObjectReferenceTransformerRenderer,16,132,3,7,3,28,3,14,0,12
hapi-fhir/transformation,science.aist.msbpmn.service.transformation.impl.renderer,BpmnLaneSetTransformationRenderer,0,47,0,0,0,10,0,5,0,5
